This file contains any messages produced by compilers while
running configure, to aid debugging if configure makes a mistake.

It was created by goptical configure 1.0, which was
generated by GNU Autoconf 2.69.  Invocation command line was

  $ ./configure 

## --------- ##
## Platform. ##
## --------- ##

hostname = SignalLaptop
uname -m = x86_64
uname -r = 4.15.0-23-generic
uname -s = Linux
uname -v = #25-Ubuntu SMP Wed May 23 18:02:16 UTC 2018

/usr/bin/uname -p = unknown
/bin/uname -X     = unknown

/bin/arch              = unknown
/usr/bin/arch -k       = unknown
/usr/convex/getsysinfo = unknown
/usr/bin/hostinfo      = unknown
/bin/machine           = unknown
/usr/bin/oslevel       = unknown
/bin/universe          = unknown

PATH: /opt/ros/melodic/bin
PATH: /usr/local/sbin
PATH: /usr/local/bin
PATH: /usr/sbin
PATH: /usr/bin
PATH: /sbin
PATH: /bin
PATH: /usr/games
PATH: /usr/local/games
PATH: /snap/bin


## ----------- ##
## Core tests. ##
## ----------- ##

configure:2421: checking for a BSD-compatible install
configure:2489: result: /usr/bin/install -c
configure:2500: checking whether build environment is sane
configure:2555: result: yes
configure:2706: checking for a thread-safe mkdir -p
configure:2745: result: /bin/mkdir -p
configure:2752: checking for gawk
configure:2768: found /usr/bin/gawk
configure:2779: result: gawk
configure:2790: checking whether make sets $(MAKE)
configure:2812: result: yes
configure:2841: checking whether make supports nested variables
configure:2858: result: yes
configure:3097: checking for C++ compiler version
configure:3106: g++-5 --version >&5
g++-5 (Ubuntu 5.5.0-12ubuntu1) 5.5.0 20171010
Copyright (C) 2015 Free Software Foundation, Inc.
This is free software; see the source for copying conditions.  There is NO
warranty; not even for MERCHANTABILITY or FITNESS FOR A PARTICULAR PURPOSE.

configure:3117: $? = 0
configure:3106: g++-5 -v >&5
Using built-in specs.
COLLECT_GCC=g++-5
COLLECT_LTO_WRAPPER=/usr/lib/gcc/x86_64-linux-gnu/5/lto-wrapper
Target: x86_64-linux-gnu
Configured with: ../src/configure -v --with-pkgversion='Ubuntu 5.5.0-12ubuntu1' --with-bugurl=file:///usr/share/doc/gcc-5/README.Bugs --enable-languages=c,ada,c++,go,d,fortran,objc,obj-c++ --prefix=/usr --program-suffix=-5 --enable-shared --enable-linker-build-id --libexecdir=/usr/lib --without-included-gettext --enable-threads=posix --libdir=/usr/lib --enable-nls --with-sysroot=/ --enable-clocale=gnu --enable-libstdcxx-debug --enable-libstdcxx-time=yes --with-default-libstdcxx-abi=new --enable-gnu-unique-object --disable-vtable-verify --enable-libmpx --enable-plugin --enable-default-pie --with-system-zlib --enable-objc-gc --enable-multiarch --disable-werror --with-arch-32=i686 --with-abi=m64 --with-multilib-list=m32,m64,mx32 --enable-multilib --with-tune=generic --enable-checking=release --build=x86_64-linux-gnu --host=x86_64-linux-gnu --target=x86_64-linux-gnu
Thread model: posix
gcc version 5.5.0 20171010 (Ubuntu 5.5.0-12ubuntu1) 
configure:3117: $? = 0
configure:3106: g++-5 -V >&5
g++-5: error: unrecognized command line option '-V'
g++-5: fatal error: no input files
compilation terminated.
configure:3117: $? = 1
configure:3106: g++-5 -qversion >&5
g++-5: error: unrecognized command line option '-qversion'
g++-5: fatal error: no input files
compilation terminated.
configure:3117: $? = 1
configure:3137: checking whether the C++ compiler works
configure:3159: g++-5 -g   conftest.cpp  >&5
configure:3163: $? = 0
configure:3211: result: yes
configure:3214: checking for C++ compiler default output file name
configure:3216: result: a.out
configure:3222: checking for suffix of executables
configure:3229: g++-5 -o conftest -g   conftest.cpp  >&5
configure:3233: $? = 0
configure:3255: result: 
configure:3277: checking whether we are cross compiling
configure:3285: g++-5 -o conftest -g   conftest.cpp  >&5
configure:3289: $? = 0
configure:3296: ./conftest
configure:3300: $? = 0
configure:3315: result: no
configure:3320: checking for suffix of object files
configure:3342: g++-5 -c -g  conftest.cpp >&5
configure:3346: $? = 0
configure:3367: result: o
configure:3371: checking whether we are using the GNU C++ compiler
configure:3390: g++-5 -c -g  conftest.cpp >&5
configure:3390: $? = 0
configure:3399: result: yes
configure:3408: checking whether g++-5 accepts -g
configure:3428: g++-5 -c -g  conftest.cpp >&5
configure:3428: $? = 0
configure:3469: result: yes
configure:3503: checking for style of include used by make
configure:3531: result: GNU
configure:3557: checking dependency style of g++-5
configure:3668: result: gcc3
configure:3743: checking build system type
configure:3757: result: x86_64-pc-linux-gnu
configure:3777: checking host system type
configure:3790: result: x86_64-pc-linux-gnu
configure:3831: checking how to print strings
configure:3858: result: printf
configure:3927: checking for gcc
configure:3954: result: gcc-5
configure:4183: checking for C compiler version
configure:4192: gcc-5 --version >&5
gcc-5 (Ubuntu 5.5.0-12ubuntu1) 5.5.0 20171010
Copyright (C) 2015 Free Software Foundation, Inc.
This is free software; see the source for copying conditions.  There is NO
warranty; not even for MERCHANTABILITY or FITNESS FOR A PARTICULAR PURPOSE.

configure:4203: $? = 0
configure:4192: gcc-5 -v >&5
Using built-in specs.
COLLECT_GCC=gcc-5
COLLECT_LTO_WRAPPER=/usr/lib/gcc/x86_64-linux-gnu/5/lto-wrapper
Target: x86_64-linux-gnu
Configured with: ../src/configure -v --with-pkgversion='Ubuntu 5.5.0-12ubuntu1' --with-bugurl=file:///usr/share/doc/gcc-5/README.Bugs --enable-languages=c,ada,c++,go,d,fortran,objc,obj-c++ --prefix=/usr --program-suffix=-5 --enable-shared --enable-linker-build-id --libexecdir=/usr/lib --without-included-gettext --enable-threads=posix --libdir=/usr/lib --enable-nls --with-sysroot=/ --enable-clocale=gnu --enable-libstdcxx-debug --enable-libstdcxx-time=yes --with-default-libstdcxx-abi=new --enable-gnu-unique-object --disable-vtable-verify --enable-libmpx --enable-plugin --enable-default-pie --with-system-zlib --enable-objc-gc --enable-multiarch --disable-werror --with-arch-32=i686 --with-abi=m64 --with-multilib-list=m32,m64,mx32 --enable-multilib --with-tune=generic --enable-checking=release --build=x86_64-linux-gnu --host=x86_64-linux-gnu --target=x86_64-linux-gnu
Thread model: posix
gcc version 5.5.0 20171010 (Ubuntu 5.5.0-12ubuntu1) 
configure:4203: $? = 0
configure:4192: gcc-5 -V >&5
gcc-5: error: unrecognized command line option '-V'
gcc-5: fatal error: no input files
compilation terminated.
configure:4203: $? = 1
configure:4192: gcc-5 -qversion >&5
gcc-5: error: unrecognized command line option '-qversion'
gcc-5: fatal error: no input files
compilation terminated.
configure:4203: $? = 1
configure:4207: checking whether we are using the GNU C compiler
configure:4226: gcc-5 -c -g  conftest.c >&5
configure:4226: $? = 0
configure:4235: result: yes
configure:4244: checking whether gcc-5 accepts -g
configure:4264: gcc-5 -c -g  conftest.c >&5
configure:4264: $? = 0
configure:4305: result: yes
configure:4322: checking for gcc-5 option to accept ISO C89
configure:4385: gcc-5  -c -g  conftest.c >&5
configure:4385: $? = 0
configure:4398: result: none needed
configure:4423: checking whether gcc-5 understands -c and -o together
configure:4445: gcc-5 -c conftest.c -o conftest2.o
configure:4448: $? = 0
configure:4445: gcc-5 -c conftest.c -o conftest2.o
configure:4448: $? = 0
configure:4460: result: yes
configure:4479: checking dependency style of gcc-5
configure:4590: result: gcc3
configure:4605: checking for a sed that does not truncate output
configure:4669: result: /bin/sed
configure:4687: checking for grep that handles long lines and -e
configure:4745: result: /bin/grep
configure:4750: checking for egrep
configure:4812: result: /bin/grep -E
configure:4817: checking for fgrep
configure:4879: result: /bin/grep -F
configure:4914: checking for ld used by gcc-5
configure:4981: result: /usr/bin/ld
configure:4988: checking if the linker (/usr/bin/ld) is GNU ld
configure:5003: result: yes
configure:5015: checking for BSD- or MS-compatible name lister (nm)
configure:5069: result: /usr/bin/nm -B
configure:5199: checking the name lister (/usr/bin/nm -B) interface
configure:5206: gcc-5 -c -g  conftest.c >&5
configure:5209: /usr/bin/nm -B "conftest.o"
configure:5212: output
0000000000000000 B some_variable
configure:5219: result: BSD nm
configure:5222: checking whether ln -s works
configure:5226: result: yes
configure:5234: checking the maximum length of command line arguments
configure:5365: result: 1572864
configure:5413: checking how to convert x86_64-pc-linux-gnu file names to x86_64-pc-linux-gnu format
configure:5453: result: func_convert_file_noop
configure:5460: checking how to convert x86_64-pc-linux-gnu file names to toolchain format
configure:5480: result: func_convert_file_noop
configure:5487: checking for /usr/bin/ld option to reload object files
configure:5494: result: -r
configure:5568: checking for objdump
configure:5584: found /usr/bin/objdump
configure:5595: result: objdump
configure:5627: checking how to recognize dependent libraries
configure:5827: result: pass_all
configure:5912: checking for dlltool
configure:5942: result: no
configure:5972: checking how to associate runtime and link libraries
configure:5999: result: printf %s\n
configure:6060: checking for ar
configure:6076: found /usr/bin/ar
configure:6087: result: ar
configure:6124: checking for archiver @FILE support
configure:6141: gcc-5 -c -g  conftest.c >&5
configure:6141: $? = 0
configure:6144: ar cru libconftest.a @conftest.lst >&5
ar: `u' modifier ignored since `D' is the default (see `U')
configure:6147: $? = 0
configure:6152: ar cru libconftest.a @conftest.lst >&5
ar: `u' modifier ignored since `D' is the default (see `U')
ar: conftest.o: No such file or directory
configure:6155: $? = 1
configure:6167: result: @
configure:6225: checking for strip
configure:6241: found /usr/bin/strip
configure:6252: result: strip
configure:6324: checking for ranlib
configure:6340: found /usr/bin/ranlib
configure:6351: result: ranlib
configure:6453: checking command to parse /usr/bin/nm -B output from gcc-5 object
configure:6606: gcc-5 -c -g  conftest.c >&5
configure:6609: $? = 0
configure:6613: /usr/bin/nm -B conftest.o \| sed -n -e 's/^.*[ ]\([ABCDGIRSTW][ABCDGIRSTW]*\)[ ][ ]*\([_A-Za-z][_A-Za-z0-9]*\)$/\1 \2 \2/p' | sed '/ __gnu_lto/d' \> conftest.nm
configure:6616: $? = 0
configure:6682: gcc-5 -o conftest -g   conftest.c conftstm.o >&5
configure:6685: $? = 0
configure:6723: result: ok
configure:6770: checking for sysroot
configure:6800: result: no
configure:6807: checking for a working dd
configure:6845: result: /bin/dd
configure:6849: checking how to truncate binary pipes
configure:6864: result: /bin/dd bs=4096 count=1
configure:7000: gcc-5 -c -g  conftest.c >&5
configure:7003: $? = 0
configure:7193: checking for mt
configure:7209: found /bin/mt
configure:7220: result: mt
configure:7243: checking if mt is a manifest tool
configure:7249: mt '-?'
configure:7257: result: no
configure:7934: checking how to run the C preprocessor
configure:7965: gcc-5 -E  conftest.c
configure:7965: $? = 0
configure:7979: gcc-5 -E  conftest.c
conftest.c:11:28: fatal error: ac_nonexistent.h: No such file or directory
compilation terminated.
configure:7979: $? = 1
configure: failed program was:
| /* confdefs.h */
| #define PACKAGE_NAME "goptical"
| #define PACKAGE_TARNAME "goptical"
| #define PACKAGE_VERSION "1.0"
| #define PACKAGE_STRING "goptical 1.0"
| #define PACKAGE_BUGREPORT ""
| #define PACKAGE_URL ""
| #define PACKAGE "goptical"
| #define VERSION "1.0"
| /* end confdefs.h.  */
| #include <ac_nonexistent.h>
configure:8004: result: gcc-5 -E
configure:8024: gcc-5 -E  conftest.c
configure:8024: $? = 0
configure:8038: gcc-5 -E  conftest.c
conftest.c:11:28: fatal error: ac_nonexistent.h: No such file or directory
compilation terminated.
configure:8038: $? = 1
configure: failed program was:
| /* confdefs.h */
| #define PACKAGE_NAME "goptical"
| #define PACKAGE_TARNAME "goptical"
| #define PACKAGE_VERSION "1.0"
| #define PACKAGE_STRING "goptical 1.0"
| #define PACKAGE_BUGREPORT ""
| #define PACKAGE_URL ""
| #define PACKAGE "goptical"
| #define VERSION "1.0"
| /* end confdefs.h.  */
| #include <ac_nonexistent.h>
configure:8067: checking for ANSI C header files
configure:8087: gcc-5 -c -g  conftest.c >&5
configure:8087: $? = 0
configure:8160: gcc-5 -o conftest -g   conftest.c  >&5
configure:8160: $? = 0
configure:8160: ./conftest
configure:8160: $? = 0
configure:8171: result: yes
configure:8184: checking for sys/types.h
configure:8184: gcc-5 -c -g  conftest.c >&5
configure:8184: $? = 0
configure:8184: result: yes
configure:8184: checking for sys/stat.h
configure:8184: gcc-5 -c -g  conftest.c >&5
configure:8184: $? = 0
configure:8184: result: yes
configure:8184: checking for stdlib.h
configure:8184: gcc-5 -c -g  conftest.c >&5
configure:8184: $? = 0
configure:8184: result: yes
configure:8184: checking for string.h
configure:8184: gcc-5 -c -g  conftest.c >&5
configure:8184: $? = 0
configure:8184: result: yes
configure:8184: checking for memory.h
configure:8184: gcc-5 -c -g  conftest.c >&5
configure:8184: $? = 0
configure:8184: result: yes
configure:8184: checking for strings.h
configure:8184: gcc-5 -c -g  conftest.c >&5
configure:8184: $? = 0
configure:8184: result: yes
configure:8184: checking for inttypes.h
configure:8184: gcc-5 -c -g  conftest.c >&5
configure:8184: $? = 0
configure:8184: result: yes
configure:8184: checking for stdint.h
configure:8184: gcc-5 -c -g  conftest.c >&5
configure:8184: $? = 0
configure:8184: result: yes
configure:8184: checking for unistd.h
configure:8184: gcc-5 -c -g  conftest.c >&5
configure:8184: $? = 0
configure:8184: result: yes
configure:8198: checking for dlfcn.h
configure:8198: gcc-5 -c -g  conftest.c >&5
configure:8198: $? = 0
configure:8198: result: yes
configure:8435: checking for objdir
configure:8450: result: .libs
configure:8714: checking if gcc-5 supports -fno-rtti -fno-exceptions
configure:8732: gcc-5 -c -g  -fno-rtti -fno-exceptions conftest.c >&5
cc1: warning: command line option '-fno-rtti' is valid for C++/ObjC++ but not for C
configure:8736: $? = 0
configure:8749: result: no
configure:9107: checking for gcc-5 option to produce PIC
configure:9114: result: -fPIC -DPIC
configure:9122: checking if gcc-5 PIC flag -fPIC -DPIC works
configure:9140: gcc-5 -c -g  -fPIC -DPIC -DPIC conftest.c >&5
configure:9144: $? = 0
configure:9157: result: yes
configure:9186: checking if gcc-5 static flag -static works
configure:9214: result: yes
configure:9229: checking if gcc-5 supports -c -o file.o
configure:9250: gcc-5 -c -g  -o out/conftest2.o conftest.c >&5
configure:9254: $? = 0
configure:9276: result: yes
configure:9284: checking if gcc-5 supports -c -o file.o
configure:9331: result: yes
configure:9364: checking whether the gcc-5 linker (/usr/bin/ld -m elf_x86_64) supports shared libraries
configure:10627: result: yes
configure:10664: checking whether -lc should be explicitly linked in
configure:10672: gcc-5 -c -g  conftest.c >&5
configure:10675: $? = 0
configure:10690: gcc-5 -shared  -fPIC -DPIC conftest.o  -v -Wl,-soname -Wl,conftest -o conftest 2\>\&1 \| /bin/grep  -lc  \>/dev/null 2\>\&1
configure:10693: $? = 0
configure:10707: result: no
configure:10867: checking dynamic linker characteristics
configure:11448: gcc-5 -o conftest -g   -Wl,-rpath -Wl,/foo conftest.c  >&5
configure:11448: $? = 0
configure:11697: result: GNU/Linux ld.so
configure:11819: checking how to hardcode library paths into programs
configure:11844: result: immediate
configure:12392: checking whether stripping libraries is possible
configure:12397: result: yes
configure:12432: checking if libtool supports shared libraries
configure:12434: result: yes
configure:12437: checking whether to build shared libraries
configure:12462: result: yes
configure:12465: checking whether to build static libraries
configure:12469: result: no
configure:12492: checking how to run the C++ preprocessor
configure:12519: g++-5 -E  conftest.cpp
configure:12519: $? = 0
configure:12533: g++-5 -E  conftest.cpp
conftest.cpp:23:28: fatal error: ac_nonexistent.h: No such file or directory
compilation terminated.
configure:12533: $? = 1
configure: failed program was:
| /* confdefs.h */
| #define PACKAGE_NAME "goptical"
| #define PACKAGE_TARNAME "goptical"
| #define PACKAGE_VERSION "1.0"
| #define PACKAGE_STRING "goptical 1.0"
| #define PACKAGE_BUGREPORT ""
| #define PACKAGE_URL ""
| #define PACKAGE "goptical"
| #define VERSION "1.0"
| #define STDC_HEADERS 1
| #define HAVE_SYS_TYPES_H 1
| #define HAVE_SYS_STAT_H 1
| #define HAVE_STDLIB_H 1
| #define HAVE_STRING_H 1
| #define HAVE_MEMORY_H 1
| #define HAVE_STRINGS_H 1
| #define HAVE_INTTYPES_H 1
| #define HAVE_STDINT_H 1
| #define HAVE_UNISTD_H 1
| #define HAVE_DLFCN_H 1
| #define LT_OBJDIR ".libs/"
| /* end confdefs.h.  */
| #include <ac_nonexistent.h>
configure:12558: result: g++-5 -E
configure:12578: g++-5 -E  conftest.cpp
configure:12578: $? = 0
configure:12592: g++-5 -E  conftest.cpp
conftest.cpp:23:28: fatal error: ac_nonexistent.h: No such file or directory
compilation terminated.
configure:12592: $? = 1
configure: failed program was:
| /* confdefs.h */
| #define PACKAGE_NAME "goptical"
| #define PACKAGE_TARNAME "goptical"
| #define PACKAGE_VERSION "1.0"
| #define PACKAGE_STRING "goptical 1.0"
| #define PACKAGE_BUGREPORT ""
| #define PACKAGE_URL ""
| #define PACKAGE "goptical"
| #define VERSION "1.0"
| #define STDC_HEADERS 1
| #define HAVE_SYS_TYPES_H 1
| #define HAVE_SYS_STAT_H 1
| #define HAVE_STDLIB_H 1
| #define HAVE_STRING_H 1
| #define HAVE_MEMORY_H 1
| #define HAVE_STRINGS_H 1
| #define HAVE_INTTYPES_H 1
| #define HAVE_STDINT_H 1
| #define HAVE_UNISTD_H 1
| #define HAVE_DLFCN_H 1
| #define LT_OBJDIR ".libs/"
| /* end confdefs.h.  */
| #include <ac_nonexistent.h>
configure:12754: checking for ld used by g++-5
configure:12821: result: /usr/bin/ld -m elf_x86_64
configure:12828: checking if the linker (/usr/bin/ld -m elf_x86_64) is GNU ld
configure:12843: result: yes
configure:12898: checking whether the g++-5 linker (/usr/bin/ld -m elf_x86_64) supports shared libraries
configure:13971: result: yes
configure:14007: g++-5 -c -g  conftest.cpp >&5
configure:14010: $? = 0
configure:14491: checking for g++-5 option to produce PIC
configure:14498: result: -fPIC -DPIC
configure:14506: checking if g++-5 PIC flag -fPIC -DPIC works
configure:14524: g++-5 -c -g  -fPIC -DPIC -DPIC conftest.cpp >&5
configure:14528: $? = 0
configure:14541: result: yes
configure:14564: checking if g++-5 static flag -static works
configure:14592: result: yes
configure:14604: checking if g++-5 supports -c -o file.o
configure:14625: g++-5 -c -g  -o out/conftest2.o conftest.cpp >&5
configure:14629: $? = 0
configure:14651: result: yes
configure:14656: checking if g++-5 supports -c -o file.o
configure:14703: result: yes
configure:14733: checking whether the g++-5 linker (/usr/bin/ld -m elf_x86_64) supports shared libraries
configure:14776: result: yes
configure:14917: checking dynamic linker characteristics
configure:15674: result: GNU/Linux ld.so
configure:15739: checking how to hardcode library paths into programs
configure:15764: result: immediate
configure:15845: checking for cosf in -lm
configure:15870: g++-5 -o conftest -g -Wall   -DNDEBUG   conftest.cpp -lm   >&5
configure:15870: $? = 0
configure:15879: result: yes
configure:15932: checking GL/gl.h usability
configure:15932: g++-5 -c -g -Wall   -DNDEBUG  conftest.cpp >&5
configure:15932: $? = 0
configure:15932: result: yes
configure:15932: checking GL/gl.h presence
configure:15932: g++-5 -E  -DNDEBUG  conftest.cpp
configure:15932: $? = 0
configure:15932: result: yes
configure:15932: checking for GL/gl.h
configure:15932: result: yes
configure:15934: checking for glLoadIdentity in -lGL
configure:15959: g++-5 -o conftest -g -Wall   -DNDEBUG   conftest.cpp -lGL  -lm  >&5
configure:15959: $? = 0
configure:15968: result: yes
configure:15972: checking GL/glu.h usability
configure:15972: g++-5 -c -g -Wall   -DNDEBUG  conftest.cpp >&5
configure:15972: $? = 0
configure:15972: result: yes
configure:15972: checking GL/glu.h presence
configure:15972: g++-5 -E  -DNDEBUG  conftest.cpp
configure:15972: $? = 0
configure:15972: result: yes
configure:15972: checking for GL/glu.h
configure:15972: result: yes
configure:15974: checking for gluPerspective in -lGLU
configure:15999: g++-5 -o conftest -g -Wall   -DNDEBUG   conftest.cpp -lGLU  -lm  >&5
configure:15999: $? = 0
configure:16008: result: yes
configure:16012: checking GL/glut.h usability
configure:16012: g++-5 -c -g -Wall   -DNDEBUG  conftest.cpp >&5
configure:16012: $? = 0
configure:16012: result: yes
configure:16012: checking GL/glut.h presence
configure:16012: g++-5 -E  -DNDEBUG  conftest.cpp
configure:16012: $? = 0
configure:16012: result: yes
configure:16012: checking for GL/glut.h
configure:16012: result: yes
configure:16014: checking for glutInit in -lglut
configure:16039: g++-5 -o conftest -g -Wall   -DNDEBUG   conftest.cpp -lglut  -lm  >&5
configure:16039: $? = 0
configure:16048: result: yes
configure:16090: checking X11/Xlib.h usability
configure:16090: g++-5 -c -g -Wall   -DNDEBUG  conftest.cpp >&5
configure:16090: $? = 0
configure:16090: result: yes
configure:16090: checking X11/Xlib.h presence
configure:16090: g++-5 -E  -DNDEBUG  conftest.cpp
configure:16090: $? = 0
configure:16090: result: yes
configure:16090: checking for X11/Xlib.h
configure:16090: result: yes
configure:16092: checking for XOpenDisplay in -lX11
configure:16117: g++-5 -o conftest -g -Wall   -DNDEBUG   conftest.cpp -lX11  -lm  -lglut -lGL -lGLU  >&5
configure:16117: $? = 0
configure:16126: result: yes
configure:16310: checking that generated files are newer than configure
configure:16316: result: done
configure:16351: creating ./config.status

## ---------------------- ##
## Running config.status. ##
## ---------------------- ##

This file was extended by goptical config.status 1.0, which was
generated by GNU Autoconf 2.69.  Invocation command line was

  CONFIG_FILES    = 
  CONFIG_HEADERS  = 
  CONFIG_LINKS    = 
  CONFIG_COMMANDS = 
  $ ./config.status 

on SignalLaptop

config.status:1084: creating Makefile
config.status:1084: creating doc/Makefile
config.status:1084: creating doc/texinfo/Makefile
config.status:1084: creating examples/Makefile
config.status:1084: creating examples/simple_refractor/Makefile
config.status:1084: creating examples/hierarchical_design/Makefile
config.status:1084: creating examples/render_3d/Makefile
config.status:1084: creating examples/curve_model/Makefile
config.status:1084: creating examples/tessar_lens/Makefile
config.status:1084: creating examples/segmented_mirror/Makefile
config.status:1256: executing depfiles commands
config.status:1256: executing libtool commands
configure:18646: === configuring in goptical_core (/home/data/ThirdPartyLibs/goptical-1.0/goptical_core)
configure:18709: running /bin/bash ./configure --disable-option-checking '--prefix=/usr/local'  'CXX=g++-5' 'CXXFLAGS=-g' 'CC=gcc-5' 'CFLAGS=-g' '--with-goptical-core-include=/home/data/ThirdPartyLibs/goptical-1.0/goptical_core/src' '--with-goptical-core-lib=/home/data/ThirdPartyLibs/goptical-1.0/goptical_core/src/libgoptical.la' --cache-file=/dev/null --srcdir=.
configure:18646: === configuring in goptical_design (/home/data/ThirdPartyLibs/goptical-1.0/goptical_design)
configure:18709: running /bin/bash ./configure --disable-option-checking '--prefix=/usr/local'  'CXX=g++-5' 'CXXFLAGS=-g' 'CC=gcc-5' 'CFLAGS=-g' '--with-goptical-core-include=/home/data/ThirdPartyLibs/goptical-1.0/goptical_core/src' '--with-goptical-core-lib=/home/data/ThirdPartyLibs/goptical-1.0/goptical_core/src/libgoptical.la' --cache-file=/dev/null --srcdir=.

## ---------------- ##
## Cache variables. ##
## ---------------- ##

ac_cv_build=x86_64-pc-linux-gnu
ac_cv_c_compiler_gnu=yes
ac_cv_cxx_compiler_gnu=yes
ac_cv_env_CCC_set=
ac_cv_env_CCC_value=
ac_cv_env_CC_set=set
ac_cv_env_CC_value=gcc-5
ac_cv_env_CFLAGS_set=set
ac_cv_env_CFLAGS_value=-g
ac_cv_env_CPPFLAGS_set=
ac_cv_env_CPPFLAGS_value=
ac_cv_env_CPP_set=
ac_cv_env_CPP_value=
ac_cv_env_CXXCPP_set=
ac_cv_env_CXXCPP_value=
ac_cv_env_CXXFLAGS_set=set
ac_cv_env_CXXFLAGS_value=-g
ac_cv_env_CXX_set=set
ac_cv_env_CXX_value=g++-5
ac_cv_env_LDFLAGS_set=
ac_cv_env_LDFLAGS_value=
ac_cv_env_LIBS_set=
ac_cv_env_LIBS_value=
ac_cv_env_LT_SYS_LIBRARY_PATH_set=
ac_cv_env_LT_SYS_LIBRARY_PATH_value=
ac_cv_env_build_alias_set=
ac_cv_env_build_alias_value=
ac_cv_env_host_alias_set=
ac_cv_env_host_alias_value=
ac_cv_env_target_alias_set=
ac_cv_env_target_alias_value=
ac_cv_header_GL_gl_h=yes
ac_cv_header_GL_glu_h=yes
ac_cv_header_GL_glut_h=yes
ac_cv_header_X11_Xlib_h=yes
ac_cv_header_dlfcn_h=yes
ac_cv_header_inttypes_h=yes
ac_cv_header_memory_h=yes
ac_cv_header_stdc=yes
ac_cv_header_stdint_h=yes
ac_cv_header_stdlib_h=yes
ac_cv_header_string_h=yes
ac_cv_header_strings_h=yes
ac_cv_header_sys_stat_h=yes
ac_cv_header_sys_types_h=yes
ac_cv_header_unistd_h=yes
ac_cv_host=x86_64-pc-linux-gnu
ac_cv_lib_GLU_gluPerspective=yes
ac_cv_lib_GL_glLoadIdentity=yes
ac_cv_lib_X11_XOpenDisplay=yes
ac_cv_lib_glut_glutInit=yes
ac_cv_lib_m_cosf=yes
ac_cv_objext=o
ac_cv_path_EGREP='/bin/grep -E'
ac_cv_path_FGREP='/bin/grep -F'
ac_cv_path_GREP=/bin/grep
ac_cv_path_SED=/bin/sed
ac_cv_path_install='/usr/bin/install -c'
ac_cv_path_lt_DD=/bin/dd
ac_cv_path_mkdir=/bin/mkdir
ac_cv_prog_AWK=gawk
ac_cv_prog_CPP='gcc-5 -E'
ac_cv_prog_CXXCPP='g++-5 -E'
ac_cv_prog_ac_ct_AR=ar
ac_cv_prog_ac_ct_CC=gcc-5
ac_cv_prog_ac_ct_MANIFEST_TOOL=mt
ac_cv_prog_ac_ct_OBJDUMP=objdump
ac_cv_prog_ac_ct_RANLIB=ranlib
ac_cv_prog_ac_ct_STRIP=strip
ac_cv_prog_cc_c89=
ac_cv_prog_cc_g=yes
ac_cv_prog_cxx_g=yes
ac_cv_prog_make_make_set=yes
am_cv_CC_dependencies_compiler_type=gcc3
am_cv_CXX_dependencies_compiler_type=gcc3
am_cv_make_support_nested_variables=yes
am_cv_prog_cc_c_o=yes
lt_cv_ar_at_file=@
lt_cv_archive_cmds_need_lc=no
lt_cv_deplibs_check_method=pass_all
lt_cv_file_magic_cmd='$MAGIC_CMD'
lt_cv_file_magic_test_file=
lt_cv_ld_reload_flag=-r
lt_cv_nm_interface='BSD nm'
lt_cv_objdir=.libs
lt_cv_path_LD=/usr/bin/ld
lt_cv_path_LDCXX='/usr/bin/ld -m elf_x86_64'
lt_cv_path_NM='/usr/bin/nm -B'
lt_cv_path_mainfest_tool=no
lt_cv_prog_compiler_c_o=yes
lt_cv_prog_compiler_c_o_CXX=yes
lt_cv_prog_compiler_pic='-fPIC -DPIC'
lt_cv_prog_compiler_pic_CXX='-fPIC -DPIC'
lt_cv_prog_compiler_pic_works=yes
lt_cv_prog_compiler_pic_works_CXX=yes
lt_cv_prog_compiler_rtti_exceptions=no
lt_cv_prog_compiler_static_works=yes
lt_cv_prog_compiler_static_works_CXX=yes
lt_cv_prog_gnu_ld=yes
lt_cv_prog_gnu_ldcxx=yes
lt_cv_sharedlib_from_linklib_cmd='printf %s\n'
lt_cv_shlibpath_overrides_runpath=yes
lt_cv_sys_global_symbol_pipe='sed -n -e '\''s/^.*[	 ]\([ABCDGIRSTW][ABCDGIRSTW]*\)[	 ][	 ]*\([_A-Za-z][_A-Za-z0-9]*\)$/\1 \2 \2/p'\'' | sed '\''/ __gnu_lto/d'\'''
lt_cv_sys_global_symbol_to_c_name_address='sed -n -e '\''s/^: \(.*\) .*$/  {"\1", (void *) 0},/p'\'' -e '\''s/^[ABCDGIRSTW][ABCDGIRSTW]* .* \(.*\)$/  {"\1", (void *) \&\1},/p'\'''
lt_cv_sys_global_symbol_to_c_name_address_lib_prefix='sed -n -e '\''s/^: \(.*\) .*$/  {"\1", (void *) 0},/p'\'' -e '\''s/^[ABCDGIRSTW][ABCDGIRSTW]* .* \(lib.*\)$/  {"\1", (void *) \&\1},/p'\'' -e '\''s/^[ABCDGIRSTW][ABCDGIRSTW]* .* \(.*\)$/  {"lib\1", (void *) \&\1},/p'\'''
lt_cv_sys_global_symbol_to_cdecl='sed -n -e '\''s/^T .* \(.*\)$/extern int \1();/p'\'' -e '\''s/^[ABCDGIRSTW][ABCDGIRSTW]* .* \(.*\)$/extern char \1;/p'\'''
lt_cv_sys_global_symbol_to_import=
lt_cv_sys_max_cmd_len=1572864
lt_cv_to_host_file_cmd=func_convert_file_noop
lt_cv_to_tool_file_cmd=func_convert_file_noop
lt_cv_truncate_bin='/bin/dd bs=4096 count=1'

## ----------------- ##
## Output variables. ##
## ----------------- ##

ACLOCAL='${SHELL} /home/data/ThirdPartyLibs/goptical-1.0/build-aux/missing aclocal-1.15'
AMDEPBACKSLASH='\'
AMDEP_FALSE='#'
AMDEP_TRUE=''
AMTAR='$${TAR-tar}'
AM_BACKSLASH='\'
AM_DEFAULT_V='$(AM_DEFAULT_VERBOSITY)'
AM_DEFAULT_VERBOSITY='1'
AM_V='$(V)'
AR='ar'
AUTOCONF='${SHELL} /home/data/ThirdPartyLibs/goptical-1.0/build-aux/missing autoconf'
AUTOHEADER='${SHELL} /home/data/ThirdPartyLibs/goptical-1.0/build-aux/missing autoheader'
AUTOMAKE='${SHELL} /home/data/ThirdPartyLibs/goptical-1.0/build-aux/missing automake-1.15'
AWK='gawk'
CC='gcc-5'
CCDEPMODE='depmode=gcc3'
CFLAGS='-g'
CPP='gcc-5 -E'
CPPFLAGS=' -DNDEBUG '
CXX='g++-5'
CXXCPP='g++-5 -E'
CXXDEPMODE='depmode=gcc3'
CXXFLAGS='-g -Wall '
CYGPATH_W='echo'
DEFS='-DPACKAGE_NAME=\"goptical\" -DPACKAGE_TARNAME=\"goptical\" -DPACKAGE_VERSION=\"1.0\" -DPACKAGE_STRING=\"goptical\ 1.0\" -DPACKAGE_BUGREPORT=\"\" -DPACKAGE_URL=\"\" -DPACKAGE=\"goptical\" -DVERSION=\"1.0\" -DSTDC_HEADERS=1 -DHAVE_SYS_TYPES_H=1 -DHAVE_SYS_STAT_H=1 -DHAVE_STDLIB_H=1 -DHAVE_STRING_H=1 -DHAVE_MEMORY_H=1 -DHAVE_STRINGS_H=1 -DHAVE_INTTYPES_H=1 -DHAVE_STDINT_H=1 -DHAVE_UNISTD_H=1 -DHAVE_DLFCN_H=1 -DLT_OBJDIR=\".libs/\" -DHAVE_LIBM=1 -DGOPTICAL_HAVE_GL=1 -DGOPTICAL_HAVE_X11=1'
DEPDIR='.deps'
DLLTOOL='false'
DSYMUTIL=''
DUMPBIN=''
ECHO_C=''
ECHO_N='-n'
ECHO_T=''
EGREP='/bin/grep -E'
EXEEXT=''
FGREP='/bin/grep -F'
GOPTICAL_HAVE_GL_FALSE='#'
GOPTICAL_HAVE_GL_TRUE=''
GOPTICAL_HAVE_X11_FALSE='#'
GOPTICAL_HAVE_X11_TRUE=''
GREP='/bin/grep'
INSTALL_DATA='${INSTALL} -m 644'
INSTALL_PROGRAM='${INSTALL}'
INSTALL_SCRIPT='${INSTALL}'
INSTALL_STRIP_PROGRAM='$(install_sh) -c -s'
LD='/usr/bin/ld -m elf_x86_64'
LDFLAGS=''
LIBOBJS=''
LIBS='-lm  -lglut -lGL -lGLU  -lX11 '
LIBTOOL='$(SHELL) $(top_builddir)/libtool'
LIPO=''
LN_S='ln -s'
LTLIBOBJS=''
LT_SYS_LIBRARY_PATH=''
MAKEINFO='${SHELL} /home/data/ThirdPartyLibs/goptical-1.0/build-aux/missing makeinfo'
MANIFEST_TOOL=':'
MKDIR_P='/bin/mkdir -p'
NM='/usr/bin/nm -B'
NMEDIT=''
OBJDUMP='objdump'
OBJEXT='o'
OTOOL64=''
OTOOL=''
PACKAGE='goptical'
PACKAGE_BUGREPORT=''
PACKAGE_NAME='goptical'
PACKAGE_STRING='goptical 1.0'
PACKAGE_TARNAME='goptical'
PACKAGE_URL=''
PACKAGE_VERSION='1.0'
PATH_SEPARATOR=':'
RANLIB='ranlib'
SED='/bin/sed'
SET_MAKE=''
SHELL='/bin/bash'
STRIP='strip'
VERSION='1.0'
ac_ct_AR='ar'
ac_ct_CC='gcc-5'
ac_ct_CXX=''
ac_ct_DUMPBIN=''
am__EXEEXT_FALSE=''
am__EXEEXT_TRUE='#'
am__fastdepCC_FALSE='#'
am__fastdepCC_TRUE=''
am__fastdepCXX_FALSE='#'
am__fastdepCXX_TRUE=''
am__include='include'
am__isrc=''
am__leading_dot='.'
am__nodep='_no'
am__quote=''
am__tar='$${TAR-tar} chof - "$$tardir"'
am__untar='$${TAR-tar} xf -'
bindir='${exec_prefix}/bin'
build='x86_64-pc-linux-gnu'
build_alias=''
build_cpu='x86_64'
build_os='linux-gnu'
build_vendor='pc'
datadir='${datarootdir}'
datarootdir='${prefix}/share'
docdir='${datarootdir}/doc/${PACKAGE_TARNAME}'
dvidir='${docdir}'
exec_prefix='${prefix}'
host='x86_64-pc-linux-gnu'
host_alias=''
host_cpu='x86_64'
host_os='linux-gnu'
host_vendor='pc'
htmldir='${docdir}'
includedir='${prefix}/include'
infodir='${datarootdir}/info'
install_sh='${SHELL} /home/data/ThirdPartyLibs/goptical-1.0/build-aux/install-sh'
libdir='${exec_prefix}/lib'
libexecdir='${exec_prefix}/libexec'
localedir='${datarootdir}/locale'
localstatedir='${prefix}/var'
mandir='${datarootdir}/man'
mkdir_p='$(MKDIR_P)'
oldincludedir='/usr/include'
pdfdir='${docdir}'
prefix='/usr/local'
program_transform_name='s,x,x,'
psdir='${docdir}'
runstatedir='${localstatedir}/run'
sbindir='${exec_prefix}/sbin'
sharedstatedir='${prefix}/com'
subdirs=' goptical_core goptical_design'
sysconfdir='${prefix}/etc'
target_alias=''

## ----------- ##
## confdefs.h. ##
## ----------- ##

/* confdefs.h */
#define PACKAGE_NAME "goptical"
#define PACKAGE_TARNAME "goptical"
#define PACKAGE_VERSION "1.0"
#define PACKAGE_STRING "goptical 1.0"
#define PACKAGE_BUGREPORT ""
#define PACKAGE_URL ""
#define PACKAGE "goptical"
#define VERSION "1.0"
#define STDC_HEADERS 1
#define HAVE_SYS_TYPES_H 1
#define HAVE_SYS_STAT_H 1
#define HAVE_STDLIB_H 1
#define HAVE_STRING_H 1
#define HAVE_MEMORY_H 1
#define HAVE_STRINGS_H 1
#define HAVE_INTTYPES_H 1
#define HAVE_STDINT_H 1
#define HAVE_UNISTD_H 1
#define HAVE_DLFCN_H 1
#define LT_OBJDIR ".libs/"
#define HAVE_LIBM 1
#define GOPTICAL_HAVE_GL 1
#define GOPTICAL_HAVE_X11 1

configure: exit 0
