This file contains any messages produced by compilers while
running configure, to aid debugging if configure makes a mistake.

It was created by goptical_core configure 1.0, which was
generated by GNU Autoconf 2.69.  Invocation command line was

  $ ./configure --disable-option-checking --prefix=/usr/local CXX=g++-5 CXXFLAGS=-g CC=gcc-5 CFLAGS=-g --with-goptical-core-include=/home/data/ThirdPartyLibs/goptical-1.0/goptical_core/src --with-goptical-core-lib=/home/data/ThirdPartyLibs/goptical-1.0/goptical_core/src/libgoptical.la --cache-file=/dev/null --srcdir=.

## --------- ##
## Platform. ##
## --------- ##

hostname = SignalLaptop
uname -m = x86_64
uname -r = 4.15.0-23-generic
uname -s = Linux
uname -v = #25-Ubuntu SMP Wed May 23 18:02:16 UTC 2018

/usr/bin/uname -p = unknown
/bin/uname -X     = unknown

/bin/arch              = unknown
/usr/bin/arch -k       = unknown
/usr/convex/getsysinfo = unknown
/usr/bin/hostinfo      = unknown
/bin/machine           = unknown
/usr/bin/oslevel       = unknown
/bin/universe          = unknown

PATH: /opt/ros/melodic/bin
PATH: /usr/local/sbin
PATH: /usr/local/bin
PATH: /usr/sbin
PATH: /usr/bin
PATH: /sbin
PATH: /bin
PATH: /usr/games
PATH: /usr/local/games
PATH: /snap/bin


## ----------- ##
## Core tests. ##
## ----------- ##

configure:2428: checking for a BSD-compatible install
configure:2496: result: /usr/bin/install -c
configure:2507: checking whether build environment is sane
configure:2562: result: yes
configure:2713: checking for a thread-safe mkdir -p
configure:2752: result: /bin/mkdir -p
configure:2759: checking for gawk
configure:2775: found /usr/bin/gawk
configure:2786: result: gawk
configure:2797: checking whether make sets $(MAKE)
configure:2819: result: yes
configure:2848: checking whether make supports nested variables
configure:2865: result: yes
configure:3107: checking for C++ compiler version
configure:3116: g++-5 --version >&5
g++-5 (Ubuntu 5.5.0-12ubuntu1) 5.5.0 20171010
Copyright (C) 2015 Free Software Foundation, Inc.
This is free software; see the source for copying conditions.  There is NO
warranty; not even for MERCHANTABILITY or FITNESS FOR A PARTICULAR PURPOSE.

configure:3127: $? = 0
configure:3116: g++-5 -v >&5
Using built-in specs.
COLLECT_GCC=g++-5
COLLECT_LTO_WRAPPER=/usr/lib/gcc/x86_64-linux-gnu/5/lto-wrapper
Target: x86_64-linux-gnu
Configured with: ../src/configure -v --with-pkgversion='Ubuntu 5.5.0-12ubuntu1' --with-bugurl=file:///usr/share/doc/gcc-5/README.Bugs --enable-languages=c,ada,c++,go,d,fortran,objc,obj-c++ --prefix=/usr --program-suffix=-5 --enable-shared --enable-linker-build-id --libexecdir=/usr/lib --without-included-gettext --enable-threads=posix --libdir=/usr/lib --enable-nls --with-sysroot=/ --enable-clocale=gnu --enable-libstdcxx-debug --enable-libstdcxx-time=yes --with-default-libstdcxx-abi=new --enable-gnu-unique-object --disable-vtable-verify --enable-libmpx --enable-plugin --enable-default-pie --with-system-zlib --enable-objc-gc --enable-multiarch --disable-werror --with-arch-32=i686 --with-abi=m64 --with-multilib-list=m32,m64,mx32 --enable-multilib --with-tune=generic --enable-checking=release --build=x86_64-linux-gnu --host=x86_64-linux-gnu --target=x86_64-linux-gnu
Thread model: posix
gcc version 5.5.0 20171010 (Ubuntu 5.5.0-12ubuntu1) 
configure:3127: $? = 0
configure:3116: g++-5 -V >&5
g++-5: error: unrecognized command line option '-V'
g++-5: fatal error: no input files
compilation terminated.
configure:3127: $? = 1
configure:3116: g++-5 -qversion >&5
g++-5: error: unrecognized command line option '-qversion'
g++-5: fatal error: no input files
compilation terminated.
configure:3127: $? = 1
configure:3147: checking whether the C++ compiler works
configure:3169: g++-5 -g   conftest.cpp  >&5
configure:3173: $? = 0
configure:3221: result: yes
configure:3224: checking for C++ compiler default output file name
configure:3226: result: a.out
configure:3232: checking for suffix of executables
configure:3239: g++-5 -o conftest -g   conftest.cpp  >&5
configure:3243: $? = 0
configure:3265: result: 
configure:3287: checking whether we are cross compiling
configure:3295: g++-5 -o conftest -g   conftest.cpp  >&5
configure:3299: $? = 0
configure:3306: ./conftest
configure:3310: $? = 0
configure:3325: result: no
configure:3330: checking for suffix of object files
configure:3352: g++-5 -c -g  conftest.cpp >&5
configure:3356: $? = 0
configure:3377: result: o
configure:3381: checking whether we are using the GNU C++ compiler
configure:3400: g++-5 -c -g  conftest.cpp >&5
configure:3400: $? = 0
configure:3409: result: yes
configure:3418: checking whether g++-5 accepts -g
configure:3438: g++-5 -c -g  conftest.cpp >&5
configure:3438: $? = 0
configure:3479: result: yes
configure:3513: checking for style of include used by make
configure:3541: result: GNU
configure:3567: checking dependency style of g++-5
configure:3678: result: gcc3
configure:3753: checking build system type
configure:3767: result: x86_64-pc-linux-gnu
configure:3787: checking host system type
configure:3800: result: x86_64-pc-linux-gnu
configure:3841: checking how to print strings
configure:3868: result: printf
configure:3937: checking for gcc
configure:3964: result: gcc-5
configure:4193: checking for C compiler version
configure:4202: gcc-5 --version >&5
gcc-5 (Ubuntu 5.5.0-12ubuntu1) 5.5.0 20171010
Copyright (C) 2015 Free Software Foundation, Inc.
This is free software; see the source for copying conditions.  There is NO
warranty; not even for MERCHANTABILITY or FITNESS FOR A PARTICULAR PURPOSE.

configure:4213: $? = 0
configure:4202: gcc-5 -v >&5
Using built-in specs.
COLLECT_GCC=gcc-5
COLLECT_LTO_WRAPPER=/usr/lib/gcc/x86_64-linux-gnu/5/lto-wrapper
Target: x86_64-linux-gnu
Configured with: ../src/configure -v --with-pkgversion='Ubuntu 5.5.0-12ubuntu1' --with-bugurl=file:///usr/share/doc/gcc-5/README.Bugs --enable-languages=c,ada,c++,go,d,fortran,objc,obj-c++ --prefix=/usr --program-suffix=-5 --enable-shared --enable-linker-build-id --libexecdir=/usr/lib --without-included-gettext --enable-threads=posix --libdir=/usr/lib --enable-nls --with-sysroot=/ --enable-clocale=gnu --enable-libstdcxx-debug --enable-libstdcxx-time=yes --with-default-libstdcxx-abi=new --enable-gnu-unique-object --disable-vtable-verify --enable-libmpx --enable-plugin --enable-default-pie --with-system-zlib --enable-objc-gc --enable-multiarch --disable-werror --with-arch-32=i686 --with-abi=m64 --with-multilib-list=m32,m64,mx32 --enable-multilib --with-tune=generic --enable-checking=release --build=x86_64-linux-gnu --host=x86_64-linux-gnu --target=x86_64-linux-gnu
Thread model: posix
gcc version 5.5.0 20171010 (Ubuntu 5.5.0-12ubuntu1) 
configure:4213: $? = 0
configure:4202: gcc-5 -V >&5
gcc-5: error: unrecognized command line option '-V'
gcc-5: fatal error: no input files
compilation terminated.
configure:4213: $? = 1
configure:4202: gcc-5 -qversion >&5
gcc-5: error: unrecognized command line option '-qversion'
gcc-5: fatal error: no input files
compilation terminated.
configure:4213: $? = 1
configure:4217: checking whether we are using the GNU C compiler
configure:4236: gcc-5 -c -g  conftest.c >&5
configure:4236: $? = 0
configure:4245: result: yes
configure:4254: checking whether gcc-5 accepts -g
configure:4274: gcc-5 -c -g  conftest.c >&5
configure:4274: $? = 0
configure:4315: result: yes
configure:4332: checking for gcc-5 option to accept ISO C89
configure:4395: gcc-5  -c -g  conftest.c >&5
configure:4395: $? = 0
configure:4408: result: none needed
configure:4433: checking whether gcc-5 understands -c and -o together
configure:4455: gcc-5 -c conftest.c -o conftest2.o
configure:4458: $? = 0
configure:4455: gcc-5 -c conftest.c -o conftest2.o
configure:4458: $? = 0
configure:4470: result: yes
configure:4489: checking dependency style of gcc-5
configure:4600: result: gcc3
configure:4615: checking for a sed that does not truncate output
configure:4679: result: /bin/sed
configure:4697: checking for grep that handles long lines and -e
configure:4755: result: /bin/grep
configure:4760: checking for egrep
configure:4822: result: /bin/grep -E
configure:4827: checking for fgrep
configure:4889: result: /bin/grep -F
configure:4924: checking for ld used by gcc-5
configure:4991: result: /usr/bin/ld
configure:4998: checking if the linker (/usr/bin/ld) is GNU ld
configure:5013: result: yes
configure:5025: checking for BSD- or MS-compatible name lister (nm)
configure:5079: result: /usr/bin/nm -B
configure:5209: checking the name lister (/usr/bin/nm -B) interface
configure:5216: gcc-5 -c -g  conftest.c >&5
configure:5219: /usr/bin/nm -B "conftest.o"
configure:5222: output
0000000000000000 B some_variable
configure:5229: result: BSD nm
configure:5232: checking whether ln -s works
configure:5236: result: yes
configure:5244: checking the maximum length of command line arguments
configure:5375: result: 1572864
configure:5423: checking how to convert x86_64-pc-linux-gnu file names to x86_64-pc-linux-gnu format
configure:5463: result: func_convert_file_noop
configure:5470: checking how to convert x86_64-pc-linux-gnu file names to toolchain format
configure:5490: result: func_convert_file_noop
configure:5497: checking for /usr/bin/ld option to reload object files
configure:5504: result: -r
configure:5578: checking for objdump
configure:5594: found /usr/bin/objdump
configure:5605: result: objdump
configure:5637: checking how to recognize dependent libraries
configure:5837: result: pass_all
configure:5922: checking for dlltool
configure:5952: result: no
configure:5982: checking how to associate runtime and link libraries
configure:6009: result: printf %s\n
configure:6070: checking for ar
configure:6086: found /usr/bin/ar
configure:6097: result: ar
configure:6134: checking for archiver @FILE support
configure:6151: gcc-5 -c -g  conftest.c >&5
configure:6151: $? = 0
configure:6154: ar cru libconftest.a @conftest.lst >&5
ar: `u' modifier ignored since `D' is the default (see `U')
configure:6157: $? = 0
configure:6162: ar cru libconftest.a @conftest.lst >&5
ar: `u' modifier ignored since `D' is the default (see `U')
ar: conftest.o: No such file or directory
configure:6165: $? = 1
configure:6177: result: @
configure:6235: checking for strip
configure:6251: found /usr/bin/strip
configure:6262: result: strip
configure:6334: checking for ranlib
configure:6350: found /usr/bin/ranlib
configure:6361: result: ranlib
configure:6463: checking command to parse /usr/bin/nm -B output from gcc-5 object
configure:6616: gcc-5 -c -g  conftest.c >&5
configure:6619: $? = 0
configure:6623: /usr/bin/nm -B conftest.o \| sed -n -e 's/^.*[ ]\([ABCDGIRSTW][ABCDGIRSTW]*\)[ ][ ]*\([_A-Za-z][_A-Za-z0-9]*\)$/\1 \2 \2/p' | sed '/ __gnu_lto/d' \> conftest.nm
configure:6626: $? = 0
configure:6692: gcc-5 -o conftest -g   conftest.c conftstm.o >&5
configure:6695: $? = 0
configure:6733: result: ok
configure:6780: checking for sysroot
configure:6810: result: no
configure:6817: checking for a working dd
configure:6855: result: /bin/dd
configure:6859: checking how to truncate binary pipes
configure:6874: result: /bin/dd bs=4096 count=1
configure:7010: gcc-5 -c -g  conftest.c >&5
configure:7013: $? = 0
configure:7203: checking for mt
configure:7219: found /bin/mt
configure:7230: result: mt
configure:7253: checking if mt is a manifest tool
configure:7259: mt '-?'
configure:7267: result: no
configure:7944: checking how to run the C preprocessor
configure:7975: gcc-5 -E  conftest.c
configure:7975: $? = 0
configure:7989: gcc-5 -E  conftest.c
conftest.c:11:28: fatal error: ac_nonexistent.h: No such file or directory
compilation terminated.
configure:7989: $? = 1
configure: failed program was:
| /* confdefs.h */
| #define PACKAGE_NAME "goptical_core"
| #define PACKAGE_TARNAME "goptical_core"
| #define PACKAGE_VERSION "1.0"
| #define PACKAGE_STRING "goptical_core 1.0"
| #define PACKAGE_BUGREPORT ""
| #define PACKAGE_URL ""
| #define PACKAGE "goptical_core"
| #define VERSION "1.0"
| /* end confdefs.h.  */
| #include <ac_nonexistent.h>
configure:8014: result: gcc-5 -E
configure:8034: gcc-5 -E  conftest.c
configure:8034: $? = 0
configure:8048: gcc-5 -E  conftest.c
conftest.c:11:28: fatal error: ac_nonexistent.h: No such file or directory
compilation terminated.
configure:8048: $? = 1
configure: failed program was:
| /* confdefs.h */
| #define PACKAGE_NAME "goptical_core"
| #define PACKAGE_TARNAME "goptical_core"
| #define PACKAGE_VERSION "1.0"
| #define PACKAGE_STRING "goptical_core 1.0"
| #define PACKAGE_BUGREPORT ""
| #define PACKAGE_URL ""
| #define PACKAGE "goptical_core"
| #define VERSION "1.0"
| /* end confdefs.h.  */
| #include <ac_nonexistent.h>
configure:8077: checking for ANSI C header files
configure:8097: gcc-5 -c -g  conftest.c >&5
configure:8097: $? = 0
configure:8170: gcc-5 -o conftest -g   conftest.c  >&5
configure:8170: $? = 0
configure:8170: ./conftest
configure:8170: $? = 0
configure:8181: result: yes
configure:8194: checking for sys/types.h
configure:8194: gcc-5 -c -g  conftest.c >&5
configure:8194: $? = 0
configure:8194: result: yes
configure:8194: checking for sys/stat.h
configure:8194: gcc-5 -c -g  conftest.c >&5
configure:8194: $? = 0
configure:8194: result: yes
configure:8194: checking for stdlib.h
configure:8194: gcc-5 -c -g  conftest.c >&5
configure:8194: $? = 0
configure:8194: result: yes
configure:8194: checking for string.h
configure:8194: gcc-5 -c -g  conftest.c >&5
configure:8194: $? = 0
configure:8194: result: yes
configure:8194: checking for memory.h
configure:8194: gcc-5 -c -g  conftest.c >&5
configure:8194: $? = 0
configure:8194: result: yes
configure:8194: checking for strings.h
configure:8194: gcc-5 -c -g  conftest.c >&5
configure:8194: $? = 0
configure:8194: result: yes
configure:8194: checking for inttypes.h
configure:8194: gcc-5 -c -g  conftest.c >&5
configure:8194: $? = 0
configure:8194: result: yes
configure:8194: checking for stdint.h
configure:8194: gcc-5 -c -g  conftest.c >&5
configure:8194: $? = 0
configure:8194: result: yes
configure:8194: checking for unistd.h
configure:8194: gcc-5 -c -g  conftest.c >&5
configure:8194: $? = 0
configure:8194: result: yes
configure:8208: checking for dlfcn.h
configure:8208: gcc-5 -c -g  conftest.c >&5
configure:8208: $? = 0
configure:8208: result: yes
configure:8445: checking for objdir
configure:8460: result: .libs
configure:8724: checking if gcc-5 supports -fno-rtti -fno-exceptions
configure:8742: gcc-5 -c -g  -fno-rtti -fno-exceptions conftest.c >&5
cc1: warning: command line option '-fno-rtti' is valid for C++/ObjC++ but not for C
configure:8746: $? = 0
configure:8759: result: no
configure:9117: checking for gcc-5 option to produce PIC
configure:9124: result: -fPIC -DPIC
configure:9132: checking if gcc-5 PIC flag -fPIC -DPIC works
configure:9150: gcc-5 -c -g  -fPIC -DPIC -DPIC conftest.c >&5
configure:9154: $? = 0
configure:9167: result: yes
configure:9196: checking if gcc-5 static flag -static works
configure:9224: result: yes
configure:9239: checking if gcc-5 supports -c -o file.o
configure:9260: gcc-5 -c -g  -o out/conftest2.o conftest.c >&5
configure:9264: $? = 0
configure:9286: result: yes
configure:9294: checking if gcc-5 supports -c -o file.o
configure:9341: result: yes
configure:9374: checking whether the gcc-5 linker (/usr/bin/ld -m elf_x86_64) supports shared libraries
configure:10637: result: yes
configure:10674: checking whether -lc should be explicitly linked in
configure:10682: gcc-5 -c -g  conftest.c >&5
configure:10685: $? = 0
configure:10700: gcc-5 -shared  -fPIC -DPIC conftest.o  -v -Wl,-soname -Wl,conftest -o conftest 2\>\&1 \| /bin/grep  -lc  \>/dev/null 2\>\&1
configure:10703: $? = 0
configure:10717: result: no
configure:10877: checking dynamic linker characteristics
configure:11458: gcc-5 -o conftest -g   -Wl,-rpath -Wl,/foo conftest.c  >&5
configure:11458: $? = 0
configure:11707: result: GNU/Linux ld.so
configure:11829: checking how to hardcode library paths into programs
configure:11854: result: immediate
configure:12402: checking whether stripping libraries is possible
configure:12407: result: yes
configure:12442: checking if libtool supports shared libraries
configure:12444: result: yes
configure:12447: checking whether to build shared libraries
configure:12472: result: yes
configure:12475: checking whether to build static libraries
configure:12479: result: no
configure:12502: checking how to run the C++ preprocessor
configure:12529: g++-5 -E  conftest.cpp
configure:12529: $? = 0
configure:12543: g++-5 -E  conftest.cpp
conftest.cpp:23:28: fatal error: ac_nonexistent.h: No such file or directory
compilation terminated.
configure:12543: $? = 1
configure: failed program was:
| /* confdefs.h */
| #define PACKAGE_NAME "goptical_core"
| #define PACKAGE_TARNAME "goptical_core"
| #define PACKAGE_VERSION "1.0"
| #define PACKAGE_STRING "goptical_core 1.0"
| #define PACKAGE_BUGREPORT ""
| #define PACKAGE_URL ""
| #define PACKAGE "goptical_core"
| #define VERSION "1.0"
| #define STDC_HEADERS 1
| #define HAVE_SYS_TYPES_H 1
| #define HAVE_SYS_STAT_H 1
| #define HAVE_STDLIB_H 1
| #define HAVE_STRING_H 1
| #define HAVE_MEMORY_H 1
| #define HAVE_STRINGS_H 1
| #define HAVE_INTTYPES_H 1
| #define HAVE_STDINT_H 1
| #define HAVE_UNISTD_H 1
| #define HAVE_DLFCN_H 1
| #define LT_OBJDIR ".libs/"
| /* end confdefs.h.  */
| #include <ac_nonexistent.h>
configure:12568: result: g++-5 -E
configure:12588: g++-5 -E  conftest.cpp
configure:12588: $? = 0
configure:12602: g++-5 -E  conftest.cpp
conftest.cpp:23:28: fatal error: ac_nonexistent.h: No such file or directory
compilation terminated.
configure:12602: $? = 1
configure: failed program was:
| /* confdefs.h */
| #define PACKAGE_NAME "goptical_core"
| #define PACKAGE_TARNAME "goptical_core"
| #define PACKAGE_VERSION "1.0"
| #define PACKAGE_STRING "goptical_core 1.0"
| #define PACKAGE_BUGREPORT ""
| #define PACKAGE_URL ""
| #define PACKAGE "goptical_core"
| #define VERSION "1.0"
| #define STDC_HEADERS 1
| #define HAVE_SYS_TYPES_H 1
| #define HAVE_SYS_STAT_H 1
| #define HAVE_STDLIB_H 1
| #define HAVE_STRING_H 1
| #define HAVE_MEMORY_H 1
| #define HAVE_STRINGS_H 1
| #define HAVE_INTTYPES_H 1
| #define HAVE_STDINT_H 1
| #define HAVE_UNISTD_H 1
| #define HAVE_DLFCN_H 1
| #define LT_OBJDIR ".libs/"
| /* end confdefs.h.  */
| #include <ac_nonexistent.h>
configure:12764: checking for ld used by g++-5
configure:12831: result: /usr/bin/ld -m elf_x86_64
configure:12838: checking if the linker (/usr/bin/ld -m elf_x86_64) is GNU ld
configure:12853: result: yes
configure:12908: checking whether the g++-5 linker (/usr/bin/ld -m elf_x86_64) supports shared libraries
configure:13981: result: yes
configure:14017: g++-5 -c -g  conftest.cpp >&5
configure:14020: $? = 0
configure:14501: checking for g++-5 option to produce PIC
configure:14508: result: -fPIC -DPIC
configure:14516: checking if g++-5 PIC flag -fPIC -DPIC works
configure:14534: g++-5 -c -g  -fPIC -DPIC -DPIC conftest.cpp >&5
configure:14538: $? = 0
configure:14551: result: yes
configure:14574: checking if g++-5 static flag -static works
configure:14602: result: yes
configure:14614: checking if g++-5 supports -c -o file.o
configure:14635: g++-5 -c -g  -o out/conftest2.o conftest.cpp >&5
configure:14639: $? = 0
configure:14661: result: yes
configure:14666: checking if g++-5 supports -c -o file.o
configure:14713: result: yes
configure:14743: checking whether the g++-5 linker (/usr/bin/ld -m elf_x86_64) supports shared libraries
configure:14786: result: yes
configure:14927: checking dynamic linker characteristics
configure:15684: result: GNU/Linux ld.so
configure:15749: checking how to hardcode library paths into programs
configure:15774: result: immediate
configure:15873: checking for cosf in -lm
configure:15898: g++-5 -o conftest -g -Wall   -DNDEBUG   conftest.cpp -lm   >&5
configure:15898: $? = 0
configure:15907: result: yes
configure:15927: checking gsl/gsl_math.h usability
configure:15927: g++-5 -c -g -Wall   -DNDEBUG  conftest.cpp >&5
configure:15927: $? = 0
configure:15927: result: yes
configure:15927: checking gsl/gsl_math.h presence
configure:15927: g++-5 -E  -DNDEBUG  conftest.cpp
configure:15927: $? = 0
configure:15927: result: yes
configure:15927: checking for gsl/gsl_math.h
configure:15927: result: yes
configure:15929: checking for cblas_srot in -lgslcblas
configure:15954: g++-5 -o conftest -g -Wall   -DNDEBUG   conftest.cpp -lgslcblas  -lm  -lgsl -lgslcblas  >&5
configure:15954: $? = 0
configure:15963: result: yes
configure:15966: checking for gsl_error in -lgsl
configure:15991: g++-5 -o conftest -g -Wall   -DNDEBUG   conftest.cpp -lgsl  -lm  -lgsl -lgslcblas  >&5
configure:15991: $? = 0
configure:16000: result: yes
configure:16031: checking -ldime C++ library availability
configure:16044: g++-5 -o conftest -g -Wall   -DNDEBUG   -ldime conftest.cpp -lm  -lgsl -lgslcblas  >&5
conftest.cpp:24:25: fatal error: dime/Output.h: No such file or directory
compilation terminated.
configure:16044: $? = 1
configure: failed program was:
| /* confdefs.h */
| #define PACKAGE_NAME "goptical_core"
| #define PACKAGE_TARNAME "goptical_core"
| #define PACKAGE_VERSION "1.0"
| #define PACKAGE_STRING "goptical_core 1.0"
| #define PACKAGE_BUGREPORT ""
| #define PACKAGE_URL ""
| #define PACKAGE "goptical_core"
| #define VERSION "1.0"
| #define STDC_HEADERS 1
| #define HAVE_SYS_TYPES_H 1
| #define HAVE_SYS_STAT_H 1
| #define HAVE_STDLIB_H 1
| #define HAVE_STRING_H 1
| #define HAVE_MEMORY_H 1
| #define HAVE_STRINGS_H 1
| #define HAVE_INTTYPES_H 1
| #define HAVE_STDINT_H 1
| #define HAVE_UNISTD_H 1
| #define HAVE_DLFCN_H 1
| #define LT_OBJDIR ".libs/"
| #define HAVE_LIBM 1
| /* end confdefs.h.  */
| #include <dime/Output.h>
| int
| main ()
| {
| new dimeOutput();
|   ;
|   return 0;
| }
configure:16058: result: no
configure:16088: checking gd.h usability
configure:16088: g++-5 -c -g -Wall   -DNDEBUG  conftest.cpp >&5
configure:16088: $? = 0
configure:16088: result: yes
configure:16088: checking gd.h presence
configure:16088: g++-5 -E  -DNDEBUG  conftest.cpp
configure:16088: $? = 0
configure:16088: result: yes
configure:16088: checking for gd.h
configure:16088: result: yes
configure:16090: checking for gdImageCreateTrueColor in -lgd
configure:16115: g++-5 -o conftest -g -Wall   -DNDEBUG   conftest.cpp -lgd  -lm  -lgsl -lgslcblas  >&5
configure:16115: $? = 0
configure:16124: result: yes
configure:16160: checking GL/gl.h usability
configure:16160: g++-5 -c -g -Wall   -DNDEBUG  conftest.cpp >&5
configure:16160: $? = 0
configure:16160: result: yes
configure:16160: checking GL/gl.h presence
configure:16160: g++-5 -E  -DNDEBUG  conftest.cpp
configure:16160: $? = 0
configure:16160: result: yes
configure:16160: checking for GL/gl.h
configure:16160: result: yes
configure:16162: checking for glLoadIdentity in -lGL
configure:16187: g++-5 -o conftest -g -Wall   -DNDEBUG   conftest.cpp -lGL  -lm  -lgsl -lgslcblas  -lgd  >&5
configure:16187: $? = 0
configure:16196: result: yes
configure:16200: checking GL/glu.h usability
configure:16200: g++-5 -c -g -Wall   -DNDEBUG  conftest.cpp >&5
configure:16200: $? = 0
configure:16200: result: yes
configure:16200: checking GL/glu.h presence
configure:16200: g++-5 -E  -DNDEBUG  conftest.cpp
configure:16200: $? = 0
configure:16200: result: yes
configure:16200: checking for GL/glu.h
configure:16200: result: yes
configure:16202: checking for gluPerspective in -lGLU
configure:16227: g++-5 -o conftest -g -Wall   -DNDEBUG   conftest.cpp -lGLU  -lm  -lgsl -lgslcblas  -lgd  >&5
configure:16227: $? = 0
configure:16236: result: yes
configure:16240: checking GL/glut.h usability
configure:16240: g++-5 -c -g -Wall   -DNDEBUG  conftest.cpp >&5
configure:16240: $? = 0
configure:16240: result: yes
configure:16240: checking GL/glut.h presence
configure:16240: g++-5 -E  -DNDEBUG  conftest.cpp
configure:16240: $? = 0
configure:16240: result: yes
configure:16240: checking for GL/glut.h
configure:16240: result: yes
configure:16242: checking for glutInit in -lglut
configure:16267: g++-5 -o conftest -g -Wall   -DNDEBUG   conftest.cpp -lglut  -lm  -lgsl -lgslcblas  -lgd  >&5
configure:16267: $? = 0
configure:16276: result: yes
configure:16324: checking X11/Xlib.h usability
configure:16324: g++-5 -c -g -Wall   -DNDEBUG  conftest.cpp >&5
configure:16324: $? = 0
configure:16324: result: yes
configure:16324: checking X11/Xlib.h presence
configure:16324: g++-5 -E  -DNDEBUG  conftest.cpp
configure:16324: $? = 0
configure:16324: result: yes
configure:16324: checking for X11/Xlib.h
configure:16324: result: yes
configure:16326: checking for XOpenDisplay in -lX11
configure:16351: g++-5 -o conftest -g -Wall   -DNDEBUG   conftest.cpp -lX11  -lm  -lgsl -lgslcblas  -lgd  -lglut -lGL -lGLU  >&5
configure:16351: $? = 0
configure:16360: result: yes
configure:16399: checking -lplplotd -lplplotcxxd C++ library availability
configure:16412: g++-5 -o conftest -g -Wall   -DNDEBUG   -lplplotd -lplplotcxxd conftest.cpp -lm  -lgsl -lgslcblas  -lgd  -lglut -lGL -lGLU  -lX11  >&5
/usr/bin/ld: cannot find -lplplotd
/usr/bin/ld: cannot find -lplplotcxxd
collect2: error: ld returned 1 exit status
configure:16412: $? = 1
configure: failed program was:
| /* confdefs.h */
| #define PACKAGE_NAME "goptical_core"
| #define PACKAGE_TARNAME "goptical_core"
| #define PACKAGE_VERSION "1.0"
| #define PACKAGE_STRING "goptical_core 1.0"
| #define PACKAGE_BUGREPORT ""
| #define PACKAGE_URL ""
| #define PACKAGE "goptical_core"
| #define VERSION "1.0"
| #define STDC_HEADERS 1
| #define HAVE_SYS_TYPES_H 1
| #define HAVE_SYS_STAT_H 1
| #define HAVE_STDLIB_H 1
| #define HAVE_STRING_H 1
| #define HAVE_MEMORY_H 1
| #define HAVE_STRINGS_H 1
| #define HAVE_INTTYPES_H 1
| #define HAVE_STDINT_H 1
| #define HAVE_UNISTD_H 1
| #define HAVE_DLFCN_H 1
| #define LT_OBJDIR ".libs/"
| #define HAVE_LIBM 1
| #define GOPTICAL_HAVE_GD 1
| #define GOPTICAL_HAVE_GL 1
| #define GOPTICAL_HAVE_X11 1
| /* end confdefs.h.  */
| #include <plplot/plstream.h>
| int
| main ()
| {
| new plstream();
|   ;
|   return 0;
| }
configure:16426: result: no
configure:16559: checking that generated files are newer than configure
configure:16565: result: done
configure:16616: creating ./config.status

## ---------------------- ##
## Running config.status. ##
## ---------------------- ##

This file was extended by goptical_core config.status 1.0, which was
generated by GNU Autoconf 2.69.  Invocation command line was

  CONFIG_FILES    = 
  CONFIG_HEADERS  = 
  CONFIG_LINKS    = 
  CONFIG_COMMANDS = 
  $ ./config.status 

on SignalLaptop

config.status:1176: creating Makefile
config.status:1176: creating src/Makefile
config.status:1176: creating src/Goptical/Makefile
config.status:1176: creating src/Goptical/Analysis/Makefile
config.status:1176: creating src/Goptical/Curve/Makefile
config.status:1176: creating src/Goptical/Data/Makefile
config.status:1176: creating src/Goptical/Io/Makefile
config.status:1176: creating src/Goptical/Light/Makefile
config.status:1176: creating src/Goptical/Material/Makefile
config.status:1176: creating src/Goptical/Math/Makefile
config.status:1176: creating src/Goptical/Shape/Makefile
config.status:1176: creating src/Goptical/Sys/Makefile
config.status:1176: creating src/Goptical/Trace/Makefile
config.status:1176: creating tests/Makefile
config.status:1176: creating config.hh
config.status:1405: executing depfiles commands
config.status:1405: executing libtool commands

## ---------------- ##
## Cache variables. ##
## ---------------- ##

ac_cv_build=x86_64-pc-linux-gnu
ac_cv_c_compiler_gnu=yes
ac_cv_cxx_compiler_gnu=yes
ac_cv_env_CCC_set=
ac_cv_env_CCC_value=
ac_cv_env_CC_set=set
ac_cv_env_CC_value=gcc-5
ac_cv_env_CFLAGS_set=set
ac_cv_env_CFLAGS_value=-g
ac_cv_env_CPPFLAGS_set=
ac_cv_env_CPPFLAGS_value=
ac_cv_env_CPP_set=
ac_cv_env_CPP_value=
ac_cv_env_CXXCPP_set=
ac_cv_env_CXXCPP_value=
ac_cv_env_CXXFLAGS_set=set
ac_cv_env_CXXFLAGS_value=-g
ac_cv_env_CXX_set=set
ac_cv_env_CXX_value=g++-5
ac_cv_env_LDFLAGS_set=
ac_cv_env_LDFLAGS_value=
ac_cv_env_LIBS_set=
ac_cv_env_LIBS_value=
ac_cv_env_LT_SYS_LIBRARY_PATH_set=
ac_cv_env_LT_SYS_LIBRARY_PATH_value=
ac_cv_env_build_alias_set=
ac_cv_env_build_alias_value=
ac_cv_env_host_alias_set=
ac_cv_env_host_alias_value=
ac_cv_env_target_alias_set=
ac_cv_env_target_alias_value=
ac_cv_header_GL_gl_h=yes
ac_cv_header_GL_glu_h=yes
ac_cv_header_GL_glut_h=yes
ac_cv_header_X11_Xlib_h=yes
ac_cv_header_dlfcn_h=yes
ac_cv_header_gd_h=yes
ac_cv_header_gsl_gsl_math_h=yes
ac_cv_header_inttypes_h=yes
ac_cv_header_memory_h=yes
ac_cv_header_stdc=yes
ac_cv_header_stdint_h=yes
ac_cv_header_stdlib_h=yes
ac_cv_header_string_h=yes
ac_cv_header_strings_h=yes
ac_cv_header_sys_stat_h=yes
ac_cv_header_sys_types_h=yes
ac_cv_header_unistd_h=yes
ac_cv_host=x86_64-pc-linux-gnu
ac_cv_lib_GLU_gluPerspective=yes
ac_cv_lib_GL_glLoadIdentity=yes
ac_cv_lib_X11_XOpenDisplay=yes
ac_cv_lib_gd_gdImageCreateTrueColor=yes
ac_cv_lib_glut_glutInit=yes
ac_cv_lib_gsl_gsl_error=yes
ac_cv_lib_gslcblas_cblas_srot=yes
ac_cv_lib_m_cosf=yes
ac_cv_objext=o
ac_cv_path_EGREP='/bin/grep -E'
ac_cv_path_FGREP='/bin/grep -F'
ac_cv_path_GREP=/bin/grep
ac_cv_path_SED=/bin/sed
ac_cv_path_install='/usr/bin/install -c'
ac_cv_path_lt_DD=/bin/dd
ac_cv_path_mkdir=/bin/mkdir
ac_cv_prog_AWK=gawk
ac_cv_prog_CPP='gcc-5 -E'
ac_cv_prog_CXXCPP='g++-5 -E'
ac_cv_prog_ac_ct_AR=ar
ac_cv_prog_ac_ct_CC=gcc-5
ac_cv_prog_ac_ct_MANIFEST_TOOL=mt
ac_cv_prog_ac_ct_OBJDUMP=objdump
ac_cv_prog_ac_ct_RANLIB=ranlib
ac_cv_prog_ac_ct_STRIP=strip
ac_cv_prog_cc_c89=
ac_cv_prog_cc_g=yes
ac_cv_prog_cxx_g=yes
ac_cv_prog_make_make_set=yes
am_cv_CC_dependencies_compiler_type=gcc3
am_cv_CXX_dependencies_compiler_type=gcc3
am_cv_make_support_nested_variables=yes
am_cv_prog_cc_c_o=yes
lt_cv_ar_at_file=@
lt_cv_archive_cmds_need_lc=no
lt_cv_deplibs_check_method=pass_all
lt_cv_file_magic_cmd='$MAGIC_CMD'
lt_cv_file_magic_test_file=
lt_cv_ld_reload_flag=-r
lt_cv_nm_interface='BSD nm'
lt_cv_objdir=.libs
lt_cv_path_LD=/usr/bin/ld
lt_cv_path_LDCXX='/usr/bin/ld -m elf_x86_64'
lt_cv_path_NM='/usr/bin/nm -B'
lt_cv_path_mainfest_tool=no
lt_cv_prog_compiler_c_o=yes
lt_cv_prog_compiler_c_o_CXX=yes
lt_cv_prog_compiler_pic='-fPIC -DPIC'
lt_cv_prog_compiler_pic_CXX='-fPIC -DPIC'
lt_cv_prog_compiler_pic_works=yes
lt_cv_prog_compiler_pic_works_CXX=yes
lt_cv_prog_compiler_rtti_exceptions=no
lt_cv_prog_compiler_static_works=yes
lt_cv_prog_compiler_static_works_CXX=yes
lt_cv_prog_gnu_ld=yes
lt_cv_prog_gnu_ldcxx=yes
lt_cv_sharedlib_from_linklib_cmd='printf %s\n'
lt_cv_shlibpath_overrides_runpath=yes
lt_cv_sys_global_symbol_pipe='sed -n -e '\''s/^.*[	 ]\([ABCDGIRSTW][ABCDGIRSTW]*\)[	 ][	 ]*\([_A-Za-z][_A-Za-z0-9]*\)$/\1 \2 \2/p'\'' | sed '\''/ __gnu_lto/d'\'''
lt_cv_sys_global_symbol_to_c_name_address='sed -n -e '\''s/^: \(.*\) .*$/  {"\1", (void *) 0},/p'\'' -e '\''s/^[ABCDGIRSTW][ABCDGIRSTW]* .* \(.*\)$/  {"\1", (void *) \&\1},/p'\'''
lt_cv_sys_global_symbol_to_c_name_address_lib_prefix='sed -n -e '\''s/^: \(.*\) .*$/  {"\1", (void *) 0},/p'\'' -e '\''s/^[ABCDGIRSTW][ABCDGIRSTW]* .* \(lib.*\)$/  {"\1", (void *) \&\1},/p'\'' -e '\''s/^[ABCDGIRSTW][ABCDGIRSTW]* .* \(.*\)$/  {"lib\1", (void *) \&\1},/p'\'''
lt_cv_sys_global_symbol_to_cdecl='sed -n -e '\''s/^T .* \(.*\)$/extern int \1();/p'\'' -e '\''s/^[ABCDGIRSTW][ABCDGIRSTW]* .* \(.*\)$/extern char \1;/p'\'''
lt_cv_sys_global_symbol_to_import=
lt_cv_sys_max_cmd_len=1572864
lt_cv_to_host_file_cmd=func_convert_file_noop
lt_cv_to_tool_file_cmd=func_convert_file_noop
lt_cv_truncate_bin='/bin/dd bs=4096 count=1'

## ----------------- ##
## Output variables. ##
## ----------------- ##

ACLOCAL='${SHELL} /home/data/ThirdPartyLibs/goptical-1.0/goptical_core/build-aux/missing aclocal-1.15'
AMDEPBACKSLASH='\'
AMDEP_FALSE='#'
AMDEP_TRUE=''
AMTAR='$${TAR-tar}'
AM_BACKSLASH='\'
AM_DEFAULT_V='$(AM_DEFAULT_VERBOSITY)'
AM_DEFAULT_VERBOSITY='1'
AM_V='$(V)'
AR='ar'
AUTOCONF='${SHELL} /home/data/ThirdPartyLibs/goptical-1.0/goptical_core/build-aux/missing autoconf'
AUTOHEADER='${SHELL} /home/data/ThirdPartyLibs/goptical-1.0/goptical_core/build-aux/missing autoheader'
AUTOMAKE='${SHELL} /home/data/ThirdPartyLibs/goptical-1.0/goptical_core/build-aux/missing automake-1.15'
AWK='gawk'
CC='gcc-5'
CCDEPMODE='depmode=gcc3'
CFLAGS='-g'
CPP='gcc-5 -E'
CPPFLAGS=' -DNDEBUG '
CXX='g++-5'
CXXCPP='g++-5 -E'
CXXDEPMODE='depmode=gcc3'
CXXFLAGS='-g -Wall '
CYGPATH_W='echo'
DEFS='-DHAVE_CONFIG_H'
DEPDIR='.deps'
DLLTOOL='false'
DSYMUTIL=''
DUMPBIN=''
ECHO_C=''
ECHO_N='-n'
ECHO_T=''
EGREP='/bin/grep -E'
EXEEXT=''
FGREP='/bin/grep -F'
GOPTICAL_HAVE_DIME_FALSE=''
GOPTICAL_HAVE_DIME_TRUE='#'
GOPTICAL_HAVE_GD_FALSE='#'
GOPTICAL_HAVE_GD_TRUE=''
GOPTICAL_HAVE_GL_FALSE='#'
GOPTICAL_HAVE_GL_TRUE=''
GOPTICAL_HAVE_PLPLOT_FALSE=''
GOPTICAL_HAVE_PLPLOT_TRUE='#'
GOPTICAL_HAVE_X11_FALSE='#'
GOPTICAL_HAVE_X11_TRUE=''
GREP='/bin/grep'
INSTALL_DATA='${INSTALL} -m 644'
INSTALL_PROGRAM='${INSTALL}'
INSTALL_SCRIPT='${INSTALL}'
INSTALL_STRIP_PROGRAM='$(install_sh) -c -s'
LD='/usr/bin/ld -m elf_x86_64'
LDFLAGS=''
LIBOBJS=''
LIBS='-lm  -lgsl -lgslcblas  -lgd  -lglut -lGL -lGLU  -lX11 '
LIBTOOL='$(SHELL) $(top_builddir)/libtool'
LIPO=''
LN_S='ln -s'
LTLIBOBJS=''
LT_SYS_LIBRARY_PATH=''
MAKEINFO='${SHELL} /home/data/ThirdPartyLibs/goptical-1.0/goptical_core/build-aux/missing makeinfo'
MANIFEST_TOOL=':'
MKDIR_P='/bin/mkdir -p'
NM='/usr/bin/nm -B'
NMEDIT=''
OBJDUMP='objdump'
OBJEXT='o'
OTOOL64=''
OTOOL=''
PACKAGE='goptical_core'
PACKAGE_BUGREPORT=''
PACKAGE_NAME='goptical_core'
PACKAGE_STRING='goptical_core 1.0'
PACKAGE_TARNAME='goptical_core'
PACKAGE_URL=''
PACKAGE_VERSION='1.0'
PATH_SEPARATOR=':'
RANLIB='ranlib'
SED='/bin/sed'
SET_MAKE=''
SHELL='/bin/bash'
STRIP='strip'
TESTS_FALSE='#'
TESTS_TRUE=''
VERSION='1.0'
ac_ct_AR='ar'
ac_ct_CC='gcc-5'
ac_ct_CXX=''
ac_ct_DUMPBIN=''
am__EXEEXT_FALSE=''
am__EXEEXT_TRUE='#'
am__fastdepCC_FALSE='#'
am__fastdepCC_TRUE=''
am__fastdepCXX_FALSE='#'
am__fastdepCXX_TRUE=''
am__include='include'
am__isrc=''
am__leading_dot='.'
am__nodep='_no'
am__quote=''
am__tar='$${TAR-tar} chof - "$$tardir"'
am__untar='$${TAR-tar} xf -'
bindir='${exec_prefix}/bin'
build='x86_64-pc-linux-gnu'
build_alias=''
build_cpu='x86_64'
build_os='linux-gnu'
build_vendor='pc'
datadir='${datarootdir}'
datarootdir='${prefix}/share'
docdir='${datarootdir}/doc/${PACKAGE_TARNAME}'
dvidir='${docdir}'
exec_prefix='${prefix}'
host='x86_64-pc-linux-gnu'
host_alias=''
host_cpu='x86_64'
host_os='linux-gnu'
host_vendor='pc'
htmldir='${docdir}'
includedir='${prefix}/include'
infodir='${datarootdir}/info'
install_sh='${SHELL} /home/data/ThirdPartyLibs/goptical-1.0/goptical_core/build-aux/install-sh'
libdir='${exec_prefix}/lib'
libexecdir='${exec_prefix}/libexec'
localedir='${datarootdir}/locale'
localstatedir='${prefix}/var'
mandir='${datarootdir}/man'
mkdir_p='$(MKDIR_P)'
oldincludedir='/usr/include'
pdfdir='${docdir}'
prefix='/usr/local'
program_transform_name='s,x,x,'
psdir='${docdir}'
runstatedir='${localstatedir}/run'
sbindir='${exec_prefix}/sbin'
sharedstatedir='${prefix}/com'
sysconfdir='${prefix}/etc'
target_alias=''

## ----------- ##
## confdefs.h. ##
## ----------- ##

/* confdefs.h */
#define PACKAGE_NAME "goptical_core"
#define PACKAGE_TARNAME "goptical_core"
#define PACKAGE_VERSION "1.0"
#define PACKAGE_STRING "goptical_core 1.0"
#define PACKAGE_BUGREPORT ""
#define PACKAGE_URL ""
#define PACKAGE "goptical_core"
#define VERSION "1.0"
#define STDC_HEADERS 1
#define HAVE_SYS_TYPES_H 1
#define HAVE_SYS_STAT_H 1
#define HAVE_STDLIB_H 1
#define HAVE_STRING_H 1
#define HAVE_MEMORY_H 1
#define HAVE_STRINGS_H 1
#define HAVE_INTTYPES_H 1
#define HAVE_STDINT_H 1
#define HAVE_UNISTD_H 1
#define HAVE_DLFCN_H 1
#define LT_OBJDIR ".libs/"
#define HAVE_LIBM 1
#define GOPTICAL_HAVE_GD 1
#define GOPTICAL_HAVE_GL 1
#define GOPTICAL_HAVE_X11 1

configure: exit 0
