This file contains any messages produced by compilers while
running configure, to aid debugging if configure makes a mistake.

It was created by goptical_design configure 1.0, which was
generated by GNU Autoconf 2.69.  Invocation command line was

  $ ./configure --disable-option-checking --prefix=/usr/local CXX=g++-5 CXXFLAGS=-g CC=gcc-5 CFLAGS=-g --with-goptical-core-include=/home/data/ThirdPartyLibs/goptical-1.0/goptical_core/src --with-goptical-core-lib=/home/data/ThirdPartyLibs/goptical-1.0/goptical_core/src/libgoptical.la --cache-file=/dev/null --srcdir=.

## --------- ##
## Platform. ##
## --------- ##

hostname = SignalLaptop
uname -m = x86_64
uname -r = 4.15.0-23-generic
uname -s = Linux
uname -v = #25-Ubuntu SMP Wed May 23 18:02:16 UTC 2018

/usr/bin/uname -p = unknown
/bin/uname -X     = unknown

/bin/arch              = unknown
/usr/bin/arch -k       = unknown
/usr/convex/getsysinfo = unknown
/usr/bin/hostinfo      = unknown
/bin/machine           = unknown
/usr/bin/oslevel       = unknown
/bin/universe          = unknown

PATH: /opt/ros/melodic/bin
PATH: /usr/local/sbin
PATH: /usr/local/bin
PATH: /usr/sbin
PATH: /usr/bin
PATH: /sbin
PATH: /bin
PATH: /usr/games
PATH: /usr/local/games
PATH: /snap/bin


## ----------- ##
## Core tests. ##
## ----------- ##

configure:2415: checking for a BSD-compatible install
configure:2483: result: /usr/bin/install -c
configure:2494: checking whether build environment is sane
configure:2549: result: yes
configure:2700: checking for a thread-safe mkdir -p
configure:2739: result: /bin/mkdir -p
configure:2746: checking for gawk
configure:2762: found /usr/bin/gawk
configure:2773: result: gawk
configure:2784: checking whether make sets $(MAKE)
configure:2806: result: yes
configure:2835: checking whether make supports nested variables
configure:2852: result: yes
configure:3092: checking for C++ compiler version
configure:3101: g++-5 --version >&5
g++-5 (Ubuntu 5.5.0-12ubuntu1) 5.5.0 20171010
Copyright (C) 2015 Free Software Foundation, Inc.
This is free software; see the source for copying conditions.  There is NO
warranty; not even for MERCHANTABILITY or FITNESS FOR A PARTICULAR PURPOSE.

configure:3112: $? = 0
configure:3101: g++-5 -v >&5
Using built-in specs.
COLLECT_GCC=g++-5
COLLECT_LTO_WRAPPER=/usr/lib/gcc/x86_64-linux-gnu/5/lto-wrapper
Target: x86_64-linux-gnu
Configured with: ../src/configure -v --with-pkgversion='Ubuntu 5.5.0-12ubuntu1' --with-bugurl=file:///usr/share/doc/gcc-5/README.Bugs --enable-languages=c,ada,c++,go,d,fortran,objc,obj-c++ --prefix=/usr --program-suffix=-5 --enable-shared --enable-linker-build-id --libexecdir=/usr/lib --without-included-gettext --enable-threads=posix --libdir=/usr/lib --enable-nls --with-sysroot=/ --enable-clocale=gnu --enable-libstdcxx-debug --enable-libstdcxx-time=yes --with-default-libstdcxx-abi=new --enable-gnu-unique-object --disable-vtable-verify --enable-libmpx --enable-plugin --enable-default-pie --with-system-zlib --enable-objc-gc --enable-multiarch --disable-werror --with-arch-32=i686 --with-abi=m64 --with-multilib-list=m32,m64,mx32 --enable-multilib --with-tune=generic --enable-checking=release --build=x86_64-linux-gnu --host=x86_64-linux-gnu --target=x86_64-linux-gnu
Thread model: posix
gcc version 5.5.0 20171010 (Ubuntu 5.5.0-12ubuntu1) 
configure:3112: $? = 0
configure:3101: g++-5 -V >&5
g++-5: error: unrecognized command line option '-V'
g++-5: fatal error: no input files
compilation terminated.
configure:3112: $? = 1
configure:3101: g++-5 -qversion >&5
g++-5: error: unrecognized command line option '-qversion'
g++-5: fatal error: no input files
compilation terminated.
configure:3112: $? = 1
configure:3132: checking whether the C++ compiler works
configure:3154: g++-5 -g   conftest.cpp  >&5
configure:3158: $? = 0
configure:3206: result: yes
configure:3209: checking for C++ compiler default output file name
configure:3211: result: a.out
configure:3217: checking for suffix of executables
configure:3224: g++-5 -o conftest -g   conftest.cpp  >&5
configure:3228: $? = 0
configure:3250: result: 
configure:3272: checking whether we are cross compiling
configure:3280: g++-5 -o conftest -g   conftest.cpp  >&5
configure:3284: $? = 0
configure:3291: ./conftest
configure:3295: $? = 0
configure:3310: result: no
configure:3315: checking for suffix of object files
configure:3337: g++-5 -c -g  conftest.cpp >&5
configure:3341: $? = 0
configure:3362: result: o
configure:3366: checking whether we are using the GNU C++ compiler
configure:3385: g++-5 -c -g  conftest.cpp >&5
configure:3385: $? = 0
configure:3394: result: yes
configure:3403: checking whether g++-5 accepts -g
configure:3423: g++-5 -c -g  conftest.cpp >&5
configure:3423: $? = 0
configure:3464: result: yes
configure:3498: checking for style of include used by make
configure:3526: result: GNU
configure:3552: checking dependency style of g++-5
configure:3663: result: gcc3
configure:3738: checking build system type
configure:3752: result: x86_64-pc-linux-gnu
configure:3772: checking host system type
configure:3785: result: x86_64-pc-linux-gnu
configure:3826: checking how to print strings
configure:3853: result: printf
configure:3922: checking for gcc
configure:3949: result: gcc-5
configure:4178: checking for C compiler version
configure:4187: gcc-5 --version >&5
gcc-5 (Ubuntu 5.5.0-12ubuntu1) 5.5.0 20171010
Copyright (C) 2015 Free Software Foundation, Inc.
This is free software; see the source for copying conditions.  There is NO
warranty; not even for MERCHANTABILITY or FITNESS FOR A PARTICULAR PURPOSE.

configure:4198: $? = 0
configure:4187: gcc-5 -v >&5
Using built-in specs.
COLLECT_GCC=gcc-5
COLLECT_LTO_WRAPPER=/usr/lib/gcc/x86_64-linux-gnu/5/lto-wrapper
Target: x86_64-linux-gnu
Configured with: ../src/configure -v --with-pkgversion='Ubuntu 5.5.0-12ubuntu1' --with-bugurl=file:///usr/share/doc/gcc-5/README.Bugs --enable-languages=c,ada,c++,go,d,fortran,objc,obj-c++ --prefix=/usr --program-suffix=-5 --enable-shared --enable-linker-build-id --libexecdir=/usr/lib --without-included-gettext --enable-threads=posix --libdir=/usr/lib --enable-nls --with-sysroot=/ --enable-clocale=gnu --enable-libstdcxx-debug --enable-libstdcxx-time=yes --with-default-libstdcxx-abi=new --enable-gnu-unique-object --disable-vtable-verify --enable-libmpx --enable-plugin --enable-default-pie --with-system-zlib --enable-objc-gc --enable-multiarch --disable-werror --with-arch-32=i686 --with-abi=m64 --with-multilib-list=m32,m64,mx32 --enable-multilib --with-tune=generic --enable-checking=release --build=x86_64-linux-gnu --host=x86_64-linux-gnu --target=x86_64-linux-gnu
Thread model: posix
gcc version 5.5.0 20171010 (Ubuntu 5.5.0-12ubuntu1) 
configure:4198: $? = 0
configure:4187: gcc-5 -V >&5
gcc-5: error: unrecognized command line option '-V'
gcc-5: fatal error: no input files
compilation terminated.
configure:4198: $? = 1
configure:4187: gcc-5 -qversion >&5
gcc-5: error: unrecognized command line option '-qversion'
gcc-5: fatal error: no input files
compilation terminated.
configure:4198: $? = 1
configure:4202: checking whether we are using the GNU C compiler
configure:4221: gcc-5 -c -g  conftest.c >&5
configure:4221: $? = 0
configure:4230: result: yes
configure:4239: checking whether gcc-5 accepts -g
configure:4259: gcc-5 -c -g  conftest.c >&5
configure:4259: $? = 0
configure:4300: result: yes
configure:4317: checking for gcc-5 option to accept ISO C89
configure:4380: gcc-5  -c -g  conftest.c >&5
configure:4380: $? = 0
configure:4393: result: none needed
configure:4418: checking whether gcc-5 understands -c and -o together
configure:4440: gcc-5 -c conftest.c -o conftest2.o
configure:4443: $? = 0
configure:4440: gcc-5 -c conftest.c -o conftest2.o
configure:4443: $? = 0
configure:4455: result: yes
configure:4474: checking dependency style of gcc-5
configure:4585: result: gcc3
configure:4600: checking for a sed that does not truncate output
configure:4664: result: /bin/sed
configure:4682: checking for grep that handles long lines and -e
configure:4740: result: /bin/grep
configure:4745: checking for egrep
configure:4807: result: /bin/grep -E
configure:4812: checking for fgrep
configure:4874: result: /bin/grep -F
configure:4909: checking for ld used by gcc-5
configure:4976: result: /usr/bin/ld
configure:4983: checking if the linker (/usr/bin/ld) is GNU ld
configure:4998: result: yes
configure:5010: checking for BSD- or MS-compatible name lister (nm)
configure:5064: result: /usr/bin/nm -B
configure:5194: checking the name lister (/usr/bin/nm -B) interface
configure:5201: gcc-5 -c -g  conftest.c >&5
configure:5204: /usr/bin/nm -B "conftest.o"
configure:5207: output
0000000000000000 B some_variable
configure:5214: result: BSD nm
configure:5217: checking whether ln -s works
configure:5221: result: yes
configure:5229: checking the maximum length of command line arguments
configure:5360: result: 1572864
configure:5408: checking how to convert x86_64-pc-linux-gnu file names to x86_64-pc-linux-gnu format
configure:5448: result: func_convert_file_noop
configure:5455: checking how to convert x86_64-pc-linux-gnu file names to toolchain format
configure:5475: result: func_convert_file_noop
configure:5482: checking for /usr/bin/ld option to reload object files
configure:5489: result: -r
configure:5563: checking for objdump
configure:5579: found /usr/bin/objdump
configure:5590: result: objdump
configure:5622: checking how to recognize dependent libraries
configure:5822: result: pass_all
configure:5907: checking for dlltool
configure:5937: result: no
configure:5967: checking how to associate runtime and link libraries
configure:5994: result: printf %s\n
configure:6055: checking for ar
configure:6071: found /usr/bin/ar
configure:6082: result: ar
configure:6119: checking for archiver @FILE support
configure:6136: gcc-5 -c -g  conftest.c >&5
configure:6136: $? = 0
configure:6139: ar cru libconftest.a @conftest.lst >&5
ar: `u' modifier ignored since `D' is the default (see `U')
configure:6142: $? = 0
configure:6147: ar cru libconftest.a @conftest.lst >&5
ar: `u' modifier ignored since `D' is the default (see `U')
ar: conftest.o: No such file or directory
configure:6150: $? = 1
configure:6162: result: @
configure:6220: checking for strip
configure:6236: found /usr/bin/strip
configure:6247: result: strip
configure:6319: checking for ranlib
configure:6335: found /usr/bin/ranlib
configure:6346: result: ranlib
configure:6448: checking command to parse /usr/bin/nm -B output from gcc-5 object
configure:6601: gcc-5 -c -g  conftest.c >&5
configure:6604: $? = 0
configure:6608: /usr/bin/nm -B conftest.o \| sed -n -e 's/^.*[ ]\([ABCDGIRSTW][ABCDGIRSTW]*\)[ ][ ]*\([_A-Za-z][_A-Za-z0-9]*\)$/\1 \2 \2/p' | sed '/ __gnu_lto/d' \> conftest.nm
configure:6611: $? = 0
configure:6677: gcc-5 -o conftest -g   conftest.c conftstm.o >&5
configure:6680: $? = 0
configure:6718: result: ok
configure:6765: checking for sysroot
configure:6795: result: no
configure:6802: checking for a working dd
configure:6840: result: /bin/dd
configure:6844: checking how to truncate binary pipes
configure:6859: result: /bin/dd bs=4096 count=1
configure:6995: gcc-5 -c -g  conftest.c >&5
configure:6998: $? = 0
configure:7188: checking for mt
configure:7204: found /bin/mt
configure:7215: result: mt
configure:7238: checking if mt is a manifest tool
configure:7244: mt '-?'
configure:7252: result: no
configure:7929: checking how to run the C preprocessor
configure:7960: gcc-5 -E  conftest.c
configure:7960: $? = 0
configure:7974: gcc-5 -E  conftest.c
conftest.c:11:28: fatal error: ac_nonexistent.h: No such file or directory
compilation terminated.
configure:7974: $? = 1
configure: failed program was:
| /* confdefs.h */
| #define PACKAGE_NAME "goptical_design"
| #define PACKAGE_TARNAME "goptical_design"
| #define PACKAGE_VERSION "1.0"
| #define PACKAGE_STRING "goptical_design 1.0"
| #define PACKAGE_BUGREPORT ""
| #define PACKAGE_URL ""
| #define PACKAGE "goptical_design"
| #define VERSION "1.0"
| /* end confdefs.h.  */
| #include <ac_nonexistent.h>
configure:7999: result: gcc-5 -E
configure:8019: gcc-5 -E  conftest.c
configure:8019: $? = 0
configure:8033: gcc-5 -E  conftest.c
conftest.c:11:28: fatal error: ac_nonexistent.h: No such file or directory
compilation terminated.
configure:8033: $? = 1
configure: failed program was:
| /* confdefs.h */
| #define PACKAGE_NAME "goptical_design"
| #define PACKAGE_TARNAME "goptical_design"
| #define PACKAGE_VERSION "1.0"
| #define PACKAGE_STRING "goptical_design 1.0"
| #define PACKAGE_BUGREPORT ""
| #define PACKAGE_URL ""
| #define PACKAGE "goptical_design"
| #define VERSION "1.0"
| /* end confdefs.h.  */
| #include <ac_nonexistent.h>
configure:8062: checking for ANSI C header files
configure:8082: gcc-5 -c -g  conftest.c >&5
configure:8082: $? = 0
configure:8155: gcc-5 -o conftest -g   conftest.c  >&5
configure:8155: $? = 0
configure:8155: ./conftest
configure:8155: $? = 0
configure:8166: result: yes
configure:8179: checking for sys/types.h
configure:8179: gcc-5 -c -g  conftest.c >&5
configure:8179: $? = 0
configure:8179: result: yes
configure:8179: checking for sys/stat.h
configure:8179: gcc-5 -c -g  conftest.c >&5
configure:8179: $? = 0
configure:8179: result: yes
configure:8179: checking for stdlib.h
configure:8179: gcc-5 -c -g  conftest.c >&5
configure:8179: $? = 0
configure:8179: result: yes
configure:8179: checking for string.h
configure:8179: gcc-5 -c -g  conftest.c >&5
configure:8179: $? = 0
configure:8179: result: yes
configure:8179: checking for memory.h
configure:8179: gcc-5 -c -g  conftest.c >&5
configure:8179: $? = 0
configure:8179: result: yes
configure:8179: checking for strings.h
configure:8179: gcc-5 -c -g  conftest.c >&5
configure:8179: $? = 0
configure:8179: result: yes
configure:8179: checking for inttypes.h
configure:8179: gcc-5 -c -g  conftest.c >&5
configure:8179: $? = 0
configure:8179: result: yes
configure:8179: checking for stdint.h
configure:8179: gcc-5 -c -g  conftest.c >&5
configure:8179: $? = 0
configure:8179: result: yes
configure:8179: checking for unistd.h
configure:8179: gcc-5 -c -g  conftest.c >&5
configure:8179: $? = 0
configure:8179: result: yes
configure:8193: checking for dlfcn.h
configure:8193: gcc-5 -c -g  conftest.c >&5
configure:8193: $? = 0
configure:8193: result: yes
configure:8430: checking for objdir
configure:8445: result: .libs
configure:8709: checking if gcc-5 supports -fno-rtti -fno-exceptions
configure:8727: gcc-5 -c -g  -fno-rtti -fno-exceptions conftest.c >&5
cc1: warning: command line option '-fno-rtti' is valid for C++/ObjC++ but not for C
configure:8731: $? = 0
configure:8744: result: no
configure:9102: checking for gcc-5 option to produce PIC
configure:9109: result: -fPIC -DPIC
configure:9117: checking if gcc-5 PIC flag -fPIC -DPIC works
configure:9135: gcc-5 -c -g  -fPIC -DPIC -DPIC conftest.c >&5
configure:9139: $? = 0
configure:9152: result: yes
configure:9181: checking if gcc-5 static flag -static works
configure:9209: result: yes
configure:9224: checking if gcc-5 supports -c -o file.o
configure:9245: gcc-5 -c -g  -o out/conftest2.o conftest.c >&5
configure:9249: $? = 0
configure:9271: result: yes
configure:9279: checking if gcc-5 supports -c -o file.o
configure:9326: result: yes
configure:9359: checking whether the gcc-5 linker (/usr/bin/ld -m elf_x86_64) supports shared libraries
configure:10622: result: yes
configure:10659: checking whether -lc should be explicitly linked in
configure:10667: gcc-5 -c -g  conftest.c >&5
configure:10670: $? = 0
configure:10685: gcc-5 -shared  -fPIC -DPIC conftest.o  -v -Wl,-soname -Wl,conftest -o conftest 2\>\&1 \| /bin/grep  -lc  \>/dev/null 2\>\&1
configure:10688: $? = 0
configure:10702: result: no
configure:10862: checking dynamic linker characteristics
configure:11443: gcc-5 -o conftest -g   -Wl,-rpath -Wl,/foo conftest.c  >&5
configure:11443: $? = 0
configure:11692: result: GNU/Linux ld.so
configure:11814: checking how to hardcode library paths into programs
configure:11839: result: immediate
configure:12387: checking whether stripping libraries is possible
configure:12392: result: yes
configure:12427: checking if libtool supports shared libraries
configure:12429: result: yes
configure:12432: checking whether to build shared libraries
configure:12457: result: yes
configure:12460: checking whether to build static libraries
configure:12464: result: no
configure:12487: checking how to run the C++ preprocessor
configure:12514: g++-5 -E  conftest.cpp
configure:12514: $? = 0
configure:12528: g++-5 -E  conftest.cpp
conftest.cpp:23:28: fatal error: ac_nonexistent.h: No such file or directory
compilation terminated.
configure:12528: $? = 1
configure: failed program was:
| /* confdefs.h */
| #define PACKAGE_NAME "goptical_design"
| #define PACKAGE_TARNAME "goptical_design"
| #define PACKAGE_VERSION "1.0"
| #define PACKAGE_STRING "goptical_design 1.0"
| #define PACKAGE_BUGREPORT ""
| #define PACKAGE_URL ""
| #define PACKAGE "goptical_design"
| #define VERSION "1.0"
| #define STDC_HEADERS 1
| #define HAVE_SYS_TYPES_H 1
| #define HAVE_SYS_STAT_H 1
| #define HAVE_STDLIB_H 1
| #define HAVE_STRING_H 1
| #define HAVE_MEMORY_H 1
| #define HAVE_STRINGS_H 1
| #define HAVE_INTTYPES_H 1
| #define HAVE_STDINT_H 1
| #define HAVE_UNISTD_H 1
| #define HAVE_DLFCN_H 1
| #define LT_OBJDIR ".libs/"
| /* end confdefs.h.  */
| #include <ac_nonexistent.h>
configure:12553: result: g++-5 -E
configure:12573: g++-5 -E  conftest.cpp
configure:12573: $? = 0
configure:12587: g++-5 -E  conftest.cpp
conftest.cpp:23:28: fatal error: ac_nonexistent.h: No such file or directory
compilation terminated.
configure:12587: $? = 1
configure: failed program was:
| /* confdefs.h */
| #define PACKAGE_NAME "goptical_design"
| #define PACKAGE_TARNAME "goptical_design"
| #define PACKAGE_VERSION "1.0"
| #define PACKAGE_STRING "goptical_design 1.0"
| #define PACKAGE_BUGREPORT ""
| #define PACKAGE_URL ""
| #define PACKAGE "goptical_design"
| #define VERSION "1.0"
| #define STDC_HEADERS 1
| #define HAVE_SYS_TYPES_H 1
| #define HAVE_SYS_STAT_H 1
| #define HAVE_STDLIB_H 1
| #define HAVE_STRING_H 1
| #define HAVE_MEMORY_H 1
| #define HAVE_STRINGS_H 1
| #define HAVE_INTTYPES_H 1
| #define HAVE_STDINT_H 1
| #define HAVE_UNISTD_H 1
| #define HAVE_DLFCN_H 1
| #define LT_OBJDIR ".libs/"
| /* end confdefs.h.  */
| #include <ac_nonexistent.h>
configure:12749: checking for ld used by g++-5
configure:12816: result: /usr/bin/ld -m elf_x86_64
configure:12823: checking if the linker (/usr/bin/ld -m elf_x86_64) is GNU ld
configure:12838: result: yes
configure:12893: checking whether the g++-5 linker (/usr/bin/ld -m elf_x86_64) supports shared libraries
configure:13966: result: yes
configure:14002: g++-5 -c -g  conftest.cpp >&5
configure:14005: $? = 0
configure:14486: checking for g++-5 option to produce PIC
configure:14493: result: -fPIC -DPIC
configure:14501: checking if g++-5 PIC flag -fPIC -DPIC works
configure:14519: g++-5 -c -g  -fPIC -DPIC -DPIC conftest.cpp >&5
configure:14523: $? = 0
configure:14536: result: yes
configure:14559: checking if g++-5 static flag -static works
configure:14587: result: yes
configure:14599: checking if g++-5 supports -c -o file.o
configure:14620: g++-5 -c -g  -o out/conftest2.o conftest.cpp >&5
configure:14624: $? = 0
configure:14646: result: yes
configure:14651: checking if g++-5 supports -c -o file.o
configure:14698: result: yes
configure:14728: checking whether the g++-5 linker (/usr/bin/ld -m elf_x86_64) supports shared libraries
configure:14771: result: yes
configure:14912: checking dynamic linker characteristics
configure:15669: result: GNU/Linux ld.so
configure:15734: checking how to hardcode library paths into programs
configure:15759: result: immediate
configure:15879: checking for cosf in -lm
configure:15904: g++-5 -o conftest  -g -Wall  -I/home/data/ThirdPartyLibs/goptical-1.0/goptical_core/src  -DNDEBUG    conftest.cpp -lm   >&5
configure:15904: $? = 0
configure:15913: result: yes
configure:15928: checking Goptical/common.hh usability
configure:15928: g++-5 -c  -g -Wall  -I/home/data/ThirdPartyLibs/goptical-1.0/goptical_core/src  -DNDEBUG  conftest.cpp >&5
configure:15928: $? = 0
configure:15928: result: yes
configure:15928: checking Goptical/common.hh presence
configure:15928: g++-5 -E -I/home/data/ThirdPartyLibs/goptical-1.0/goptical_core/src  -DNDEBUG  conftest.cpp
configure:15928: $? = 0
configure:15928: result: yes
configure:15928: checking for Goptical/common.hh
configure:15928: result: yes
configure:16085: checking that generated files are newer than configure
configure:16091: result: done
configure:16122: creating ./config.status

## ---------------------- ##
## Running config.status. ##
## ---------------------- ##

This file was extended by goptical_design config.status 1.0, which was
generated by GNU Autoconf 2.69.  Invocation command line was

  CONFIG_FILES    = 
  CONFIG_HEADERS  = 
  CONFIG_LINKS    = 
  CONFIG_COMMANDS = 
  $ ./config.status 

on SignalLaptop

config.status:1078: creating Makefile
config.status:1078: creating src/Makefile
config.status:1078: creating src/Goptical/Makefile
config.status:1078: creating src/Goptical/Design/Makefile
config.status:1078: creating src/Goptical/Design/Telescope/Makefile
config.status:1078: creating tests/Makefile
config.status:1250: executing depfiles commands
config.status:1250: executing libtool commands

## ---------------- ##
## Cache variables. ##
## ---------------- ##

ac_cv_build=x86_64-pc-linux-gnu
ac_cv_c_compiler_gnu=yes
ac_cv_cxx_compiler_gnu=yes
ac_cv_env_CCC_set=
ac_cv_env_CCC_value=
ac_cv_env_CC_set=set
ac_cv_env_CC_value=gcc-5
ac_cv_env_CFLAGS_set=set
ac_cv_env_CFLAGS_value=-g
ac_cv_env_CPPFLAGS_set=
ac_cv_env_CPPFLAGS_value=
ac_cv_env_CPP_set=
ac_cv_env_CPP_value=
ac_cv_env_CXXCPP_set=
ac_cv_env_CXXCPP_value=
ac_cv_env_CXXFLAGS_set=set
ac_cv_env_CXXFLAGS_value=-g
ac_cv_env_CXX_set=set
ac_cv_env_CXX_value=g++-5
ac_cv_env_LDFLAGS_set=
ac_cv_env_LDFLAGS_value=
ac_cv_env_LIBS_set=
ac_cv_env_LIBS_value=
ac_cv_env_LT_SYS_LIBRARY_PATH_set=
ac_cv_env_LT_SYS_LIBRARY_PATH_value=
ac_cv_env_build_alias_set=
ac_cv_env_build_alias_value=
ac_cv_env_host_alias_set=
ac_cv_env_host_alias_value=
ac_cv_env_target_alias_set=
ac_cv_env_target_alias_value=
ac_cv_header_Goptical_common_hh=yes
ac_cv_header_dlfcn_h=yes
ac_cv_header_inttypes_h=yes
ac_cv_header_memory_h=yes
ac_cv_header_stdc=yes
ac_cv_header_stdint_h=yes
ac_cv_header_stdlib_h=yes
ac_cv_header_string_h=yes
ac_cv_header_strings_h=yes
ac_cv_header_sys_stat_h=yes
ac_cv_header_sys_types_h=yes
ac_cv_header_unistd_h=yes
ac_cv_host=x86_64-pc-linux-gnu
ac_cv_lib_m_cosf=yes
ac_cv_objext=o
ac_cv_path_EGREP='/bin/grep -E'
ac_cv_path_FGREP='/bin/grep -F'
ac_cv_path_GREP=/bin/grep
ac_cv_path_SED=/bin/sed
ac_cv_path_install='/usr/bin/install -c'
ac_cv_path_lt_DD=/bin/dd
ac_cv_path_mkdir=/bin/mkdir
ac_cv_prog_AWK=gawk
ac_cv_prog_CPP='gcc-5 -E'
ac_cv_prog_CXXCPP='g++-5 -E'
ac_cv_prog_ac_ct_AR=ar
ac_cv_prog_ac_ct_CC=gcc-5
ac_cv_prog_ac_ct_MANIFEST_TOOL=mt
ac_cv_prog_ac_ct_OBJDUMP=objdump
ac_cv_prog_ac_ct_RANLIB=ranlib
ac_cv_prog_ac_ct_STRIP=strip
ac_cv_prog_cc_c89=
ac_cv_prog_cc_g=yes
ac_cv_prog_cxx_g=yes
ac_cv_prog_make_make_set=yes
am_cv_CC_dependencies_compiler_type=gcc3
am_cv_CXX_dependencies_compiler_type=gcc3
am_cv_make_support_nested_variables=yes
am_cv_prog_cc_c_o=yes
lt_cv_ar_at_file=@
lt_cv_archive_cmds_need_lc=no
lt_cv_deplibs_check_method=pass_all
lt_cv_file_magic_cmd='$MAGIC_CMD'
lt_cv_file_magic_test_file=
lt_cv_ld_reload_flag=-r
lt_cv_nm_interface='BSD nm'
lt_cv_objdir=.libs
lt_cv_path_LD=/usr/bin/ld
lt_cv_path_LDCXX='/usr/bin/ld -m elf_x86_64'
lt_cv_path_NM='/usr/bin/nm -B'
lt_cv_path_mainfest_tool=no
lt_cv_prog_compiler_c_o=yes
lt_cv_prog_compiler_c_o_CXX=yes
lt_cv_prog_compiler_pic='-fPIC -DPIC'
lt_cv_prog_compiler_pic_CXX='-fPIC -DPIC'
lt_cv_prog_compiler_pic_works=yes
lt_cv_prog_compiler_pic_works_CXX=yes
lt_cv_prog_compiler_rtti_exceptions=no
lt_cv_prog_compiler_static_works=yes
lt_cv_prog_compiler_static_works_CXX=yes
lt_cv_prog_gnu_ld=yes
lt_cv_prog_gnu_ldcxx=yes
lt_cv_sharedlib_from_linklib_cmd='printf %s\n'
lt_cv_shlibpath_overrides_runpath=yes
lt_cv_sys_global_symbol_pipe='sed -n -e '\''s/^.*[	 ]\([ABCDGIRSTW][ABCDGIRSTW]*\)[	 ][	 ]*\([_A-Za-z][_A-Za-z0-9]*\)$/\1 \2 \2/p'\'' | sed '\''/ __gnu_lto/d'\'''
lt_cv_sys_global_symbol_to_c_name_address='sed -n -e '\''s/^: \(.*\) .*$/  {"\1", (void *) 0},/p'\'' -e '\''s/^[ABCDGIRSTW][ABCDGIRSTW]* .* \(.*\)$/  {"\1", (void *) \&\1},/p'\'''
lt_cv_sys_global_symbol_to_c_name_address_lib_prefix='sed -n -e '\''s/^: \(.*\) .*$/  {"\1", (void *) 0},/p'\'' -e '\''s/^[ABCDGIRSTW][ABCDGIRSTW]* .* \(lib.*\)$/  {"\1", (void *) \&\1},/p'\'' -e '\''s/^[ABCDGIRSTW][ABCDGIRSTW]* .* \(.*\)$/  {"lib\1", (void *) \&\1},/p'\'''
lt_cv_sys_global_symbol_to_cdecl='sed -n -e '\''s/^T .* \(.*\)$/extern int \1();/p'\'' -e '\''s/^[ABCDGIRSTW][ABCDGIRSTW]* .* \(.*\)$/extern char \1;/p'\'''
lt_cv_sys_global_symbol_to_import=
lt_cv_sys_max_cmd_len=1572864
lt_cv_to_host_file_cmd=func_convert_file_noop
lt_cv_to_tool_file_cmd=func_convert_file_noop
lt_cv_truncate_bin='/bin/dd bs=4096 count=1'

## ----------------- ##
## Output variables. ##
## ----------------- ##

ACLOCAL='${SHELL} /home/data/ThirdPartyLibs/goptical-1.0/goptical_design/build-aux/missing aclocal-1.15'
AMDEPBACKSLASH='\'
AMDEP_FALSE='#'
AMDEP_TRUE=''
AMTAR='$${TAR-tar}'
AM_BACKSLASH='\'
AM_DEFAULT_V='$(AM_DEFAULT_VERBOSITY)'
AM_DEFAULT_VERBOSITY='1'
AM_V='$(V)'
AR='ar'
AUTOCONF='${SHELL} /home/data/ThirdPartyLibs/goptical-1.0/goptical_design/build-aux/missing autoconf'
AUTOHEADER='${SHELL} /home/data/ThirdPartyLibs/goptical-1.0/goptical_design/build-aux/missing autoheader'
AUTOMAKE='${SHELL} /home/data/ThirdPartyLibs/goptical-1.0/goptical_design/build-aux/missing automake-1.15'
AWK='gawk'
CC='gcc-5'
CCDEPMODE='depmode=gcc3'
CFLAGS='-g'
CPP='gcc-5 -E'
CPPFLAGS='-I/home/data/ThirdPartyLibs/goptical-1.0/goptical_core/src  -DNDEBUG '
CXX='g++-5'
CXXCPP='g++-5 -E'
CXXDEPMODE='depmode=gcc3'
CXXFLAGS=' -g -Wall '
CYGPATH_W='echo'
DEFS='-DPACKAGE_NAME=\"goptical_design\" -DPACKAGE_TARNAME=\"goptical_design\" -DPACKAGE_VERSION=\"1.0\" -DPACKAGE_STRING=\"goptical_design\ 1.0\" -DPACKAGE_BUGREPORT=\"\" -DPACKAGE_URL=\"\" -DPACKAGE=\"goptical_design\" -DVERSION=\"1.0\" -DSTDC_HEADERS=1 -DHAVE_SYS_TYPES_H=1 -DHAVE_SYS_STAT_H=1 -DHAVE_STDLIB_H=1 -DHAVE_STRING_H=1 -DHAVE_MEMORY_H=1 -DHAVE_STRINGS_H=1 -DHAVE_INTTYPES_H=1 -DHAVE_STDINT_H=1 -DHAVE_UNISTD_H=1 -DHAVE_DLFCN_H=1 -DLT_OBJDIR=\".libs/\" -DHAVE_LIBM=1'
DEPDIR='.deps'
DLLTOOL='false'
DSYMUTIL=''
DUMPBIN=''
ECHO_C=''
ECHO_N='-n'
ECHO_T=''
EGREP='/bin/grep -E'
EXEEXT=''
FGREP='/bin/grep -F'
GOPTICAL_CORE_LIB='/home/data/ThirdPartyLibs/goptical-1.0/goptical_core/src/libgoptical.la'
GREP='/bin/grep'
INSTALL_DATA='${INSTALL} -m 644'
INSTALL_PROGRAM='${INSTALL}'
INSTALL_SCRIPT='${INSTALL}'
INSTALL_STRIP_PROGRAM='$(install_sh) -c -s'
LD='/usr/bin/ld -m elf_x86_64'
LDFLAGS=' '
LIBOBJS=''
LIBS='-lm '
LIBTOOL='$(SHELL) $(top_builddir)/libtool'
LIPO=''
LN_S='ln -s'
LTLIBOBJS=''
LT_SYS_LIBRARY_PATH=''
MAKEINFO='${SHELL} /home/data/ThirdPartyLibs/goptical-1.0/goptical_design/build-aux/missing makeinfo'
MANIFEST_TOOL=':'
MKDIR_P='/bin/mkdir -p'
NM='/usr/bin/nm -B'
NMEDIT=''
OBJDUMP='objdump'
OBJEXT='o'
OTOOL64=''
OTOOL=''
PACKAGE='goptical_design'
PACKAGE_BUGREPORT=''
PACKAGE_NAME='goptical_design'
PACKAGE_STRING='goptical_design 1.0'
PACKAGE_TARNAME='goptical_design'
PACKAGE_URL=''
PACKAGE_VERSION='1.0'
PATH_SEPARATOR=':'
RANLIB='ranlib'
SED='/bin/sed'
SET_MAKE=''
SHELL='/bin/bash'
STRIP='strip'
TESTS_FALSE='#'
TESTS_TRUE=''
VERSION='1.0'
ac_ct_AR='ar'
ac_ct_CC='gcc-5'
ac_ct_CXX=''
ac_ct_DUMPBIN=''
am__EXEEXT_FALSE=''
am__EXEEXT_TRUE='#'
am__fastdepCC_FALSE='#'
am__fastdepCC_TRUE=''
am__fastdepCXX_FALSE='#'
am__fastdepCXX_TRUE=''
am__include='include'
am__isrc=''
am__leading_dot='.'
am__nodep='_no'
am__quote=''
am__tar='$${TAR-tar} chof - "$$tardir"'
am__untar='$${TAR-tar} xf -'
bindir='${exec_prefix}/bin'
build='x86_64-pc-linux-gnu'
build_alias=''
build_cpu='x86_64'
build_os='linux-gnu'
build_vendor='pc'
datadir='${datarootdir}'
datarootdir='${prefix}/share'
docdir='${datarootdir}/doc/${PACKAGE_TARNAME}'
dvidir='${docdir}'
exec_prefix='${prefix}'
host='x86_64-pc-linux-gnu'
host_alias=''
host_cpu='x86_64'
host_os='linux-gnu'
host_vendor='pc'
htmldir='${docdir}'
includedir='${prefix}/include'
infodir='${datarootdir}/info'
install_sh='${SHELL} /home/data/ThirdPartyLibs/goptical-1.0/goptical_design/build-aux/install-sh'
libdir='${exec_prefix}/lib'
libexecdir='${exec_prefix}/libexec'
localedir='${datarootdir}/locale'
localstatedir='${prefix}/var'
mandir='${datarootdir}/man'
mkdir_p='$(MKDIR_P)'
oldincludedir='/usr/include'
pdfdir='${docdir}'
prefix='/usr/local'
program_transform_name='s,x,x,'
psdir='${docdir}'
runstatedir='${localstatedir}/run'
sbindir='${exec_prefix}/sbin'
sharedstatedir='${prefix}/com'
sysconfdir='${prefix}/etc'
target_alias=''

## ----------- ##
## confdefs.h. ##
## ----------- ##

/* confdefs.h */
#define PACKAGE_NAME "goptical_design"
#define PACKAGE_TARNAME "goptical_design"
#define PACKAGE_VERSION "1.0"
#define PACKAGE_STRING "goptical_design 1.0"
#define PACKAGE_BUGREPORT ""
#define PACKAGE_URL ""
#define PACKAGE "goptical_design"
#define VERSION "1.0"
#define STDC_HEADERS 1
#define HAVE_SYS_TYPES_H 1
#define HAVE_SYS_STAT_H 1
#define HAVE_STDLIB_H 1
#define HAVE_STRING_H 1
#define HAVE_MEMORY_H 1
#define HAVE_STRINGS_H 1
#define HAVE_INTTYPES_H 1
#define HAVE_STDINT_H 1
#define HAVE_UNISTD_H 1
#define HAVE_DLFCN_H 1
#define LT_OBJDIR ".libs/"
#define HAVE_LIBM 1

configure: exit 0
